#
# A fatal error has been detected by the Java Runtime Environment:
#
#  EXCEPTION_ACCESS_VIOLATION (0xc0000005) at pc=0x0000026fd25c59a7, pid=9632, tid=24080
#
# JRE version: OpenJDK Runtime Environment Temurin-17.0.11+9 (17.0.11+9) (build 17.0.11+9)
# Java VM: OpenJDK 64-Bit Server VM Temurin-17.0.11+9 (17.0.11+9, mixed mode, tiered, compressed oops, compressed class ptrs, parallel gc, windows-amd64)
# Problematic frame:
# j  org.eclipse.jdt.internal.compiler.parser.diagnose.DiagnoseParser.scopeTrialCheck([IILorg/eclipse/jdt/internal/compiler/parser/diagnose/DiagnoseParser$PrimaryRepairInfo;I)V+255
#
# No core dump will be written. Minidumps are not enabled by default on client versions of Windows
#
# If you would like to submit a bug report, please visit:
#   https://github.com/adoptium/adoptium-support/issues
#

---------------  S U M M A R Y ------------

Command Line: --add-modules=ALL-SYSTEM --add-opens=java.base/java.util=ALL-UNNAMED --add-opens=java.base/java.lang=ALL-UNNAMED --add-opens=java.base/sun.nio.fs=ALL-UNNAMED -Declipse.application=org.eclipse.jdt.ls.core.id1 -Dosgi.bundles.defaultStartLevel=4 -Declipse.product=org.eclipse.jdt.ls.core.product -Djava.import.generatesMetadataFilesAtProjectRoot=false -DDetectVMInstallationsJob.disabled=true -Dfile.encoding=utf8 -XX:+UseParallelGC -XX:GCTimeRatio=4 -XX:AdaptiveSizePolicyWeight=90 -Dsun.zip.disableMemoryMapping=true -Xmx1G -Xms100m -Xlog:disable -javaagent:c:\Users\ed069\.vscode\extensions\redhat.java-1.31.0-win32-x64\lombok\lombok-1.18.32.jar -XX:+HeapDumpOnOutOfMemoryError -XX:HeapDumpPath=c:\Users\ed069\AppData\Roaming\Code\User\workspaceStorage\cc109544215c20f1a0cbb40f80ccc9ed\redhat.java -Daether.dependencyCollector.impl=bf c:\Users\ed069\.vscode\extensions\redhat.java-1.31.0-win32-x64\server\plugins\org.eclipse.equinox.launcher_1.6.800.v20240513-1750.jar -configuration c:\Users\ed069\AppData\Roaming\Code\User\globalStorage\redhat.java\1.31.0\config_win -data c:\Users\ed069\AppData\Roaming\Code\User\workspaceStorage\cc109544215c20f1a0cbb40f80ccc9ed\redhat.java\jdt_ws --pipe=\\.\pipe\lsp-005f79027f7faed7dd3a3a83324c60af-sock

Host: 13th Gen Intel(R) Core(TM) i7-13700KF, 24 cores, 63G,  Windows 10 , 64 bit Build 19041 (10.0.19041.3636)
Time: Sun Jun  9 22:01:45 2024  Windows 10 , 64 bit Build 19041 (10.0.19041.3636) elapsed time: 242.646367 seconds (0d 0h 4m 2s)

---------------  T H R E A D  ---------------

Current thread (0x0000026fe90c86d0):  JavaThread "ForkJoinPool.commonPool-worker-22" daemon [_thread_in_Java, id=24080, stack(0x000000ec59e00000,0x000000ec59f00000)]

Stack: [0x000000ec59e00000,0x000000ec59f00000],  sp=0x000000ec59efdd80,  free space=1015k
Native frames: (J=compiled Java code, j=interpreted, Vv=VM code, C=native code)
C  0x0000026fd25c59a7

The last pc belongs to if_icmple (printed below).

siginfo: EXCEPTION_ACCESS_VIOLATION (0xc0000005), reading address 0x0000026ff8a7a32f


Registers:
RAX=0x0000026ff8a7a327, RBX=0x00000000000000a4, RCX=0x0000026ff790f3d8, RDX=0x00000000ffffffff
RSP=0x000000ec59efdd80, RBP=0x000000ec59efddd8, RSI=0x0000000000000000, RDI=0x0000000000001004
R8 =0x000000000000008e, R9 =0x00000000c0aec470, R10=0x00007ff97cf181d0, R11=0x00000000c21f22e0
R12=0x0000000000000000, R13=0x0000026ff790f044, R14=0x000000ec59efde68, R15=0x0000026fe90c86d0
RIP=0x0000026fd25c59a7, EFLAGS=0x0000000000010206


Register to memory mapping:

RIP=0x0000026fd25c59a7 is at code_begin+39 in an Interpreter codelet
if_icmple  164 if_icmple  [0x0000026fd25c5980, 0x0000026fd25c5cc0]  832 bytes
RAX=0x0000026ff8a7a327 is an unknown value
RBX=0x00000000000000a4 is an unknown value
RCX={method} {0x0000026ff790f3e0} 'scopeTrialCheck' '([IILorg/eclipse/jdt/internal/compiler/parser/diagnose/DiagnoseParser$PrimaryRepairInfo;I)V' in 'org/eclipse/jdt/internal/compiler/parser/diagnose/DiagnoseParser'
RDX=0x00000000ffffffff is an unallocated location in the heap
RSP=0x000000ec59efdd80 is pointing into the stack for thread: 0x0000026fe90c86d0
RBP=0x000000ec59efddd8 is pointing into the stack for thread: 0x0000026fe90c86d0
RSI=0x0 is NULL
RDI=0x0000000000001004 is an unknown value
R8 =0x000000000000008e is an unknown value
R9 =0x00000000c0aec470 is an oop: java.lang.Class 
{0x00000000c0aec470} - klass: 'java/lang/Class'
 - ---- fields (total size 41 words):
 - private volatile transient 'classRedefinedCount' 'I' @12  0
 - private volatile transient 'cachedConstructor' 'Ljava/lang/reflect/Constructor;' @40  NULL (0)
 - private transient 'name' 'Ljava/lang/String;' @44  "org.eclipse.jdt.internal.compiler.parser.Parser"{0x00000000c03f9db8} (c03f9db8)
 - private transient 'module' 'Ljava/lang/Module;' @48  a 'java/lang/Module'{0x00000000c03bc388} (c03bc388)
 - private final 'classLoader' 'Ljava/lang/ClassLoader;' @52  a 'org/eclipse/osgi/internal/loader/EquinoxClassLoader'{0x00000000c03bc318} (c03bc318)
 - private transient 'classData' 'Ljava/lang/Object;' @56  NULL (0)
 - private transient 'packageName' 'Ljava/lang/String;' @60  "org.eclipse.jdt.internal.compiler.parser"{0x00000000c0bdbc88} (c0bdbc88)
 - private final 'componentType' 'Ljava/lang/Class;' @64  NULL (0)
 - private volatile transient 'reflectionData' 'Ljava/lang/ref/SoftReference;' @68  a 'java/lang/ref/SoftReference'{0x00000000c21e6b20} (c21e6b20)
 - private volatile transient 'genericInfo' 'Lsun/reflect/generics/repository/ClassRepository;' @72  NULL (0)
 - private volatile transient 'enumConstants' '[Ljava/lang/Object;' @76  NULL (0)
 - private volatile transient 'enumConstantDirectory' 'Ljava/util/Map;' @80  NULL (0)
 - private volatile transient 'annotationData' 'Ljava/lang/Class$AnnotationData;' @84  NULL (0)
 - private volatile transient 'annotationType' 'Lsun/reflect/annotation/AnnotationType;' @88  NULL (0)
 - transient 'classValueMap' 'Ljava/lang/ClassValue$ClassValueMap;' @92  NULL (0)
 - signature: Lorg/eclipse/jdt/internal/compiler/parser/Parser;
 - fake entry for mirror: 'org/eclipse/jdt/internal/compiler/parser/Parser'
 - fake entry for array: 'org/eclipse/jdt/internal/compiler/parser/Parser'[]
 - fake entry for oop_size: 41
 - fake entry for static_oop_field_count: 37
 - protected static final 'THIS_CALL' 'I' @260  3
 - protected static final 'SUPER_CALL' 'I' @264  2
 - public static final 'FALL_THROUGH_TAG' '[C' @112  [C{0x00000000c21ebf30} (c21ebf30)
 - public static final 'CASES_OMITTED_TAG' '[C' @116  [C{0x00000000c21ebf60} (c21ebf60)
 - public static 'asb' '[C' @120  [C{0x00000000c21ebf90} (c21ebf90)
 - public static 'asr' '[C' @124  [C{0x00000000c21ee968} (c21ee968)
 - protected static final 'AstStackIncrement' 'I' @268  100 (64)
 - public static 'base_action' '[C' @128  [C{0x00000000c21f22e0} (c21f22e0)
 - public static final 'BracketKinds' 'I' @272  3
 - public static 'check_table' '[S' @132  [S{0x00000000c22019f8} (c22019f8)
 - public static final 'CurlyBracket' 'I' @276  2
 - private static final 'DEBUG' 'Z' @320  false
 - private static final 'DEBUG_AUTOMATON' 'Z' @321  false
 - private static final 'EOF_TOKEN' 'Ljava/lang/String;' @136  "$eof"{0x00000000c0c32000} (c0c32000)
 - private static final 'ERROR_TOKEN' 'Ljava/lang/String;' @140  "$error"{0x00000000c0c32030} (c0c32030)
 - protected static final 'ExpressionStackIncrement' 'I' @280  100 (64)
 - protected static final 'GenericsStackIncrement' 'I' @284  10 (a)
 - private static final 'FILEPREFIX' 'Ljava/lang/String;' @144  "parser"{0x00000000c0c32060} (c0c32060)
 - public static 'in_symb' '[C' @148  [C{0x00000000c220a4e0} (c220a4e0)
 - private static final 'INVALID_CHARACTER' 'Ljava/lang/String;' @152  "Invalid Character"{0x00000000c0c41080} (c0c41080)
 - public static 'lhs' '[C' @156  [C{0x00000000c21f22e0} (c21f22e0)
 - public static 'name' '[Ljava/lang/String;' @160  a 'java/lang/String'[580] {0x00000000c21fb660} (c21fb660)
 - public static 'nasb' '[C' @164  [C{0x00000000c21ef900} (c21ef900)
 - public static 'nasr' '[C' @168  [C{0x00000000c2210968} (c2210968)
 - public static 'non_terminal_index' '[C' @172  [C{0x00000000c2211020} (c2211020)
 - private static final 'READABLE_NAMES_FILE' 'Ljava/lang/String;' @176  "readableNames"{0x00000000c0c410c0} (c0c410c0)
 - public static 'readableName' '[Ljava/lang/String;' @180  a 'java/lang/String'[580] {0x00000000c2214918} (c2214918)
 - public static 'rhs' '[B' @184  [B{0x00000000c22113a8} (c22113a8)
 - public static 'reverse_index' '[I' @188  [I{0x00000000c2211778} (c2211778)
 - public static 'recovery_templates_index' '[C' @192  [C{0x00000000c2213878} (c2213878)
 - public static 'recovery_templates' '[C' @196  [C{0x00000000c2213c00} (c2213c00)
 - public static 'statements_recovery_filter' '[C' @200  [C{0x00000000c2213c78} (c2213c78)
 - public static 'rules_compliance' '[J' @204  [J{0x00000000c22168f8} (c22168f8)
 - public static final 'RoundBracket' 'I' @288  0
 - public static 'scope_la' '[C' @208  [C{0x00000000c21f1ef8} (c21f1ef8)
 - public static 'scope_lhs' '[C' @212  [C{0x00000000c21f1c60} (c21f1c60)
 - public static 'scope_prefix' '[C' @216  [C{0x00000000c21f19c8} (c21f19c8)
 - public static 'scope_rhs' '[C' @220  [C{0x00000000c21f0ff0} (c21f0ff0)
 - public static 'scope_state' '[C' @224  [C{0x00000000c21f0950} (c21f0950)
 - public static 'scope_state_set' '[C' @228  [C{0x00000000c21f06b8} (c21f06b8)
 - public static 'scope_suffix' '[C' @232  [C{0x00000000c21f0420} (c21f0420)
 - public static final 'SquareBracket' 'I' @292  1
 - protected static final 'StackIncrement' 'I' @296  255 (ff)
 - public static 'term_action' '[C' @236  [C{0x00000000c220c4c8} (c220c4c8)
 - public static 'term_check' '[C' @240  [C{0x00000000c21fd530} (c21fd530)
 - public static 'terminal_index' '[C' @244  [C{0x00000000c21f02f0} (c21f02f0)
 - private static final 'UNEXPECTED_EOF' 'Ljava/lang/String;' @248  "Unexpected End Of File"{0x00000000c0c410f8} (c0c410f8)
 - public static 'VERBOSE_RECOVERY' 'Z' @322  false
 - protected static final 'HALT' 'I' @300  0
 - protected static final 'RESTART' 'I' @304  1
 - protected static final 'RESUME' 'I' @308  2
 - private static final 'TYPE_CLASS' 'S' @316  1
 - private static final 'TYPE_RECORD' 'S' @318  2
 - protected static final 'TypeAnnotationStackIncrement' 'I' @312  100 (64)
 - private static volatile synthetic '$SWITCH_TABLE$org$eclipse$jdt$internal$compiler$parser$Parser$CaseLabelKind' '[I' @252  [I{0x00000000c22db8b8} (c22db8b8)
 - static final synthetic '$assertionsDisabled' 'Z' @323  true
 - private static volatile synthetic '$SWITCH_TABLE$org$eclipse$jdt$internal$compiler$parser$Parser$LocalTypeKind' '[I' @256  [I{0x00000000c22db898} (c22db898)
R10=0x00007ff97cf181d0 jvm.dll
R11=0x00000000c21f22e0 is an oop: [C 
{0x00000000c21f22e0} - klass: {type array char}
 - length: 18727
R12=0x0 is NULL
R13=0x0000026ff790f044 is pointing into metadata
R14=0x000000ec59efde68 is pointing into the stack for thread: 0x0000026fe90c86d0
R15=0x0000026fe90c86d0 is a thread


Top of Stack: (sp=0x000000ec59efdd80)
0x000000ec59efdd80:   0000000000000002 0000000000000fa5
0x000000ec59efdd90:   000000ec59efdd90 0000026ff790f05f
0x000000ec59efdda0:   000000ec59efde68 0000026ff79122b8
0x000000ec59efddb0:   0000026ff8a7a327 00000000cd64aab8
0x000000ec59efddc0:   0000026ff790f3d8 0000000000000000
0x000000ec59efddd0:   000000ec59efde48 000000ec59efdeb8
0x000000ec59efdde0:   0000026fd25b950e 0000000000000000
0x000000ec59efddf0:   0000000000000000 0000000000000000
0x000000ec59efde00:   0000000000000001 0000000000000004
0x000000ec59efde10:   00000000000003a3 0000000000000065
0x000000ec59efde20:   0000000000000016 0000000000000003
0x000000ec59efde30:   000000000000005d 0000000000000000
0x000000ec59efde40:   00000000000001b4 0000000000000000
0x000000ec59efde50:   00000000eaf89b10 0000000000000004
0x000000ec59efde60:   00000000eaf84678 00000000eaf82700
0x000000ec59efde70:   000000ec59efde70 0000026ff790ee59
0x000000ec59efde80:   000000ec59efdee8 0000026ff79122b8
0x000000ec59efde90:   0000000000000000 00000000cd64aab8
0x000000ec59efdea0:   0000026ff790eec8 000000ec59efde48
0x000000ec59efdeb0:   000000ec59efded0 000000ec59efdf38
0x000000ec59efdec0:   0000026fd25b9667 0000000000000100
0x000000ec59efded0:   00000000eaf89b10 0000000000000004
0x000000ec59efdee0:   00000000eaf84678 00000000eaf82700
0x000000ec59efdef0:   000000ec59efdef0 0000026ff790f519
0x000000ec59efdf00:   000000ec59efdf80 0000026ff79122b8
0x000000ec59efdf10:   0000000000000000 00000000cd64aab8
0x000000ec59efdf20:   0000026ff790f5b8 000000ec59efded0
0x000000ec59efdf30:   000000ec59efdf60 000000ec59efdfd0
0x000000ec59efdf40:   0000026fd25b9622 00000000eaf89b10
0x000000ec59efdf50:   0000000000000003 00000000ffffffff
0x000000ec59efdf60:   000000000000001e 0000000000000003
0x000000ec59efdf70:   0000000000000004 00000000eaf84678 

Instructions: (pc=0x0000026fd25c59a7)
0x0000026fd25c58a7:   00 41 ff d2 48 83 c4 08 e9 0d 00 00 00 49 ba 80
0x0000026fd25c58b7:   1c a5 7c f9 7f 00 00 41 ff d2 48 83 c4 20 49 c7
0x0000026fd25c58c7:   87 98 02 00 00 00 00 00 00 49 c7 87 a8 02 00 00
0x0000026fd25c58d7:   00 00 00 00 49 c7 87 a0 02 00 00 00 00 00 00 c5
0x0000026fd25c58e7:   f8 77 49 81 7f 08 00 00 00 00 0f 84 05 00 00 00
0x0000026fd25c58f7:   e9 04 b6 fe ff 4c 8b 6d c0 4c 8b 75 c8 c3 48 8b
0x0000026fd25c5907:   d0 4c 8b 45 f8 c9 41 59 49 8b e0 48 83 e4 f0 41
0x0000026fd25c5917:   51 ff a3 e8 00 00 00 48 8b 45 d8 48 85 c0 0f 84
0x0000026fd25c5927:   12 00 00 00 48 83 40 18 01 48 83 58 18 00 48 83
0x0000026fd25c5937:   c0 20 48 89 45 d8 41 0f b6 5d 03 49 83 c5 03 49
0x0000026fd25c5947:   ba d0 a9 f1 7c f9 7f 00 00 41 ff 24 da 0f 1f 40
0x0000026fd25c5957:   00 00 00 00 00 00 00 00 00 98 df c8 7c f9 7f 00
0x0000026fd25c5967:   00 60 03 00 00 a4 00 00 00 00 00 00 00 00 00 00
0x0000026fd25c5977:   00 00 00 00 00 00 00 00 00 8b 04 24 48 83 c4 08
0x0000026fd25c5987:   8b 14 24 48 83 c4 08 3b d0 0f 8f e8 02 00 00 48
0x0000026fd25c5997:   8b 4d e8 48 8b 45 d8 48 85 c0 0f 84 18 00 00 00
0x0000026fd25c59a7:   48 8b 58 08 48 83 c3 01 48 83 db 00 48 89 58 08
0x0000026fd25c59b7:   48 03 40 10 48 89 45 d8 41 0f bf 55 01 0f ca c1
0x0000026fd25c59c7:   fa 10 48 63 d2 4c 03 ea 85 d2 0f 89 02 01 00 00
0x0000026fd25c59d7:   48 8b 41 18 48 85 c0 0f 85 b6 00 00 00 52 51 e8
0x0000026fd25c59e7:   05 00 00 00 e9 9b 00 00 00 48 8b d1 48 8d 44 24
0x0000026fd25c59f7:   08 4c 89 6d c0 49 8b cf c5 f8 77 49 89 af a8 02
0x0000026fd25c5a07:   00 00 49 89 87 98 02 00 00 48 83 ec 20 f7 c4 0f
0x0000026fd25c5a17:   00 00 00 0f 84 1a 00 00 00 48 83 ec 08 49 ba 60
0x0000026fd25c5a27:   2d 6f 7c f9 7f 00 00 41 ff d2 48 83 c4 08 e9 0d
0x0000026fd25c5a37:   00 00 00 49 ba 60 2d 6f 7c f9 7f 00 00 41 ff d2
0x0000026fd25c5a47:   48 83 c4 20 49 c7 87 98 02 00 00 00 00 00 00 49
0x0000026fd25c5a57:   c7 87 a8 02 00 00 00 00 00 00 49 c7 87 a0 02 00
0x0000026fd25c5a67:   00 00 00 00 00 c5 f8 77 49 81 7f 08 00 00 00 00
0x0000026fd25c5a77:   0f 84 05 00 00 00 e9 7e b4 fe ff 4c 8b 6d c0 4c
0x0000026fd25c5a87:   8b 75 c8 c3 59 5a 48 8b 41 18 48 85 c0 0f 84 3f
0x0000026fd25c5a97:   00 00 00 48 8b 59 10 48 85 db 74 20 8b 83 d0 00 


Stack slot to memory mapping:
stack at sp + 0 slots: 0x0000000000000002 is an unknown value
stack at sp + 1 slots: 0x0000000000000fa5 is an unknown value
stack at sp + 2 slots: 0x000000ec59efdd90 is pointing into the stack for thread: 0x0000026fe90c86d0
stack at sp + 3 slots: 0x0000026ff790f05f is pointing into metadata
stack at sp + 4 slots: 0x000000ec59efde68 is pointing into the stack for thread: 0x0000026fe90c86d0
stack at sp + 5 slots: 0x0000026ff79122b8 is pointing into metadata
stack at sp + 6 slots: 0x0000026ff8a7a327 is an unknown value
stack at sp + 7 slots: 0x00000000cd64aab8 is an oop: java.lang.Class 
{0x00000000cd64aab8} - klass: 'java/lang/Class'
 - ---- fields (total size 23 words):
 - private volatile transient 'classRedefinedCount' 'I' @12  0
 - private volatile transient 'cachedConstructor' 'Ljava/lang/reflect/Constructor;' @40  NULL (0)
 - private transient 'name' 'Ljava/lang/String;' @44  "org.eclipse.jdt.internal.compiler.parser.diagnose.DiagnoseParser"{0x00000000cd670910} (cd670910)
 - private transient 'module' 'Ljava/lang/Module;' @48  a 'java/lang/Module'{0x00000000c03bc388} (c03bc388)
 - private final 'classLoader' 'Ljava/lang/ClassLoader;' @52  a 'org/eclipse/osgi/internal/loader/EquinoxClassLoader'{0x00000000c03bc318} (c03bc318)
 - private transient 'classData' 'Ljava/lang/Object;' @56  NULL (0)
 - private transient 'packageName' 'Ljava/lang/String;' @60  "org.eclipse.jdt.internal.compiler.parser.diagnose"{0x00000000cd64b508} (cd64b508)
 - private final 'componentType' 'Ljava/lang/Class;' @64  NULL (0)
 - private volatile transient 'reflectionData' 'Ljava/lang/ref/SoftReference;' @68  NULL (0)
 - private volatile transient 'genericInfo' 'Lsun/reflect/generics/repository/ClassRepository;' @72  NULL (0)
 - private volatile transient 'enumConstants' '[Ljava/lang/Object;' @76  NULL (0)
 - private volatile transient 'enumConstantDirectory' 'Ljava/util/Map;' @80  NULL (0)
 - private volatile transient 'annotationData' 'Ljava/lang/Class$AnnotationData;' @84  NULL (0)
 - private volatile transient 'annotationType' 'Lsun/reflect/annotation/AnnotationType;' @88  NULL (0)
 - transient 'classValueMap' 'Ljava/lang/ClassValue$ClassValueMap;' @92  NULL (0)
 - signature: Lorg/eclipse/jdt/internal/compiler/parser/diagnose/DiagnoseParser;
 - fake entry for mirror: 'org/eclipse/jdt/internal/compiler/parser/diagnose/DiagnoseParser'
 - fake entry for array: NULL
 - fake entry for oop_size: 23
 - fake entry for static_oop_field_count: 0
 - private static final 'DEBUG' 'Z' @176  false
 - private static final 'STACK_INCREMENT' 'I' @112  256 (100)
 - private static final 'BEFORE_CODE' 'I' @116  2
 - private static final 'INSERTION_CODE' 'I' @120  3
 - private static final 'INVALID_CODE' 'I' @124  4
 - private static final 'SUBSTITUTION_CODE' 'I' @128  5
 - private static final 'DELETION_CODE' 'I' @132  6
 - private static final 'MERGE_CODE' 'I' @136  7
 - private static final 'MISPLACED_CODE' 'I' @140  8
 - private static final 'SCOPE_CODE' 'I' @144  9
 - private static final 'SECONDARY_CODE' 'I' @148  10 (a)
 - private static final 'EOF_CODE' 'I' @152  11 (b)
 - private static final 'BUFF_UBOUND' 'I' @156  31 (1f)
 - private static final 'BUFF_SIZE' 'I' @160  32 (20)
 - private static final 'MAX_DISTANCE' 'I' @164  30 (1e)
 - private static final 'MIN_DISTANCE' 'I' @168  3
 - private static final 'NIL' 'I' @172  -1 (ffffffff)

if_icmple  164 if_icmple  [0x0000026fd25c5980, 0x0000026fd25c5cc0]  832 bytes
[MachCode]
  0x0000026fd25c5980: 8b04 2448 | 83c4 088b | 1424 4883 | c408 3bd0 | 0f8f e802 | 0000 488b | 4de8 488b | 45d8 4885 
  0x0000026fd25c59a0: c00f 8418 | 0000 0048 | 8b58 0848 | 83c3 0148 | 83db 0048 | 8958 0848 | 0340 1048 | 8945 d841 
  0x0000026fd25c59c0: 0fbf 5501 | 0fca c1fa | 1048 63d2 | 4c03 ea85 | d20f 8902 | 0100 0048 | 8b41 1848 | 85c0 0f85 
  0x0000026fd25c59e0: b600 0000 | 5251 e805 | 0000 00e9 | 9b00 0000 | 488b d148 | 8d44 2408 | 4c89 6dc0 | 498b cfc5 
  0x0000026fd25c5a00: f877 4989 | afa8 0200 | 0049 8987 | 9802 0000 | 4883 ec20 | f7c4 0f00 | 0000 0f84 | 1a00 0000 
  0x0000026fd25c5a20: 4883 ec08 | 49ba 602d | 6f7c f97f | 0000 41ff | d248 83c4 | 08e9 0d00 | 0000 49ba | 602d 6f7c 
  0x0000026fd25c5a40: f97f 0000 | 41ff d248 | 83c4 2049 | c787 9802 | 0000 0000 | 0000 49c7 | 87a8 0200 | 0000 0000 
  0x0000026fd25c5a60: 0049 c787 | a002 0000 | 0000 0000 | c5f8 7749 | 817f 0800 | 0000 000f | 8405 0000 | 00e9 7eb4 
  0x0000026fd25c5a80: feff 4c8b | 6dc0 4c8b | 75c8 c359 | 5a48 8b41 | 1848 85c0 | 0f84 3f00 | 0000 488b | 5910 4885 
  0x0000026fd25c5aa0: db74 208b | 83d0 0000 | 0083 c002 | 8983 d000 | 0000 2383 | e400 0000 | 0f84 4400 | 0000 e916 
  0x0000026fd25c5ac0: 0000 0048 | 8b49 188b | 410c 83c0 | 0289 410c | 2341 240f | 8429 0000 | 0041 0fb6 | 5d00 41f6 
  0x0000026fd25c5ae0: 8750 0300 | 0001 740c | 49ba d049 | f27c f97f | 0000 eb0a | 49ba d0a9 | f17c f97f | 0000 41ff 
  0x0000026fd25c5b00: 24da 48f7 | da49 03d5 | e805 0000 | 00e9 9800 | 0000 488d | 4424 084c | 896d c049 | 8bcf c5f8 
  0x0000026fd25c5b20: 7749 89af | a802 0000 | 4989 8798 | 0200 0048 | 83ec 20f7 | c40f 0000 | 000f 841a | 0000 0048 
  0x0000026fd25c5b40: 83ec 0849 | ba50 386f | 7cf9 7f00 | 0041 ffd2 | 4883 c408 | e90d 0000 | 0049 ba50 | 386f 7cf9 
  0x0000026fd25c5b60: 7f00 0041 | ffd2 4883 | c420 49c7 | 8798 0200 | 0000 0000 | 0049 c787 | a802 0000 | 0000 0000 
  0x0000026fd25c5b80: 49c7 87a0 | 0200 0000 | 0000 00c5 | f877 4981 | 7f08 0000 | 0000 0f84 | 0500 0000 | e95f b3fe 
  0x0000026fd25c5ba0: ff4c 8b6d | c04c 8b75 | c8c3 4885 | c00f 8426 | ffff ff80 | b83b 0100 | 0000 0f85 | 19ff ffff 
  0x0000026fd25c5bc0: 488b d8e8 | 0500 0000 | e998 0000 | 0048 8d44 | 2408 4c89 | 6dc0 498b | cfc5 f877 | 4989 afa8 
  0x0000026fd25c5be0: 0200 0049 | 8987 9802 | 0000 4883 | ec20 f7c4 | 0f00 0000 | 0f84 1a00 | 0000 4883 | ec08 49ba 
  0x0000026fd25c5c00: 801c a57c | f97f 0000 | 41ff d248 | 83c4 08e9 | 0d00 0000 | 49ba 801c | a57c f97f | 0000 41ff 
  0x0000026fd25c5c20: d248 83c4 | 2049 c787 | 9802 0000 | 0000 0000 | 49c7 87a8 | 0200 0000 | 0000 0049 | c787 a002 
  0x0000026fd25c5c40: 0000 0000 | 0000 c5f8 | 7749 817f | 0800 0000 | 000f 8405 | 0000 00e9 | a4b2 feff | 4c8b 6dc0 
  0x0000026fd25c5c60: 4c8b 75c8 | c348 8bd0 | 4c8b 45f8 | c941 5949 | 8be0 4883 | e4f0 4151 | ffa3 e800 | 0000 488b 
  0x0000026fd25c5c80: 45d8 4885 | c00f 8412 | 0000 0048 | 8340 1801 | 4883 5818 | 0048 83c0 | 2048 8945 | d841 0fb6 
  0x0000026fd25c5ca0: 5d03 4983 | c503 49ba | d0a9 f17c | f97f 0000 | 41ff 24da | 0f1f 4000 | 0000 0000 | 0000 0000 
[/MachCode]

---------------  P R O C E S S  ---------------

Threads class SMR info:
_java_thread_list=0x0000026fe90421d0, length=80, elements={
0x0000026fc84c34f0, 0x0000026fdc35a0c0, 0x0000026fdc35d920, 0x0000026fe1819140,
0x0000026fe17f0740, 0x0000026fe17f1d60, 0x0000026fe17f30c0, 0x0000026fe1835780,
0x0000026fc8579fa0, 0x0000026fc857b830, 0x0000026fc8527990, 0x0000026fe46b75b0,
0x0000026fe4eda320, 0x0000026fe4f686c0, 0x0000026fe507d3e0, 0x0000026fe4e921a0,
0x0000026fe5940b90, 0x0000026fe59888d0, 0x0000026fe598ac40, 0x0000026fe598a730,
0x0000026fe59883c0, 0x0000026fe5989800, 0x0000026fe598a220, 0x0000026fe598bb70,
0x0000026fe598b150, 0x0000026fe928cba0, 0x0000026fe9287fb0, 0x0000026fe928b760,
0x0000026fe9289e10, 0x0000026fe928a320, 0x0000026fe928c180, 0x0000026fe928dad0,
0x0000026fe928a830, 0x0000026fe92884c0, 0x0000026fe928b250, 0x0000026fe928d0b0,
0x0000026fe9287aa0, 0x0000026fe928d5c0, 0x0000026fe92889d0, 0x0000026fe9287080,
0x0000026fe928c690, 0x0000026fe9286660, 0x0000026fe9288ee0, 0x0000026fe928dfe0,
0x0000026fe92893f0, 0x0000026fe928bc70, 0x0000026fe9289900, 0x0000026fe9286b70,
0x0000026fe9287590, 0x0000026fe78505d0, 0x0000026fe7857f50, 0x0000026fe7852e50,
0x0000026fe7857a40, 0x0000026fe7850ae0, 0x0000026fe7851a10, 0x0000026fe7851f20,
0x0000026fe7852430, 0x0000026fe7852940, 0x0000026fe7853870, 0x0000026fe78560f0,
0x0000026fe7853360, 0x0000026fe78556d0, 0x0000026fe7854290, 0x0000026fe7856600,
0x0000026fe90c6870, 0x0000026fe90cb460, 0x0000026fe90c90f0, 0x0000026fe90c7290,
0x0000026fe90c5940, 0x0000026fe90cb970, 0x0000026fe90ca020, 0x0000026fe90ca530,
0x0000026fe90c77a0, 0x0000026fe90c6d80, 0x0000026fe90c4500, 0x0000026fe90c81c0,
0x0000026fe90c4a10, 0x0000026fe90c86d0, 0x0000026fe90caf50, 0x0000026fe90c5e50
}

Java Threads: ( => current thread )
  0x0000026fc84c34f0 JavaThread "main" [_thread_blocked, id=10916, stack(0x000000ec5a000000,0x000000ec5a100000)]
  0x0000026fdc35a0c0 JavaThread "Reference Handler" daemon [_thread_blocked, id=34540, stack(0x000000ec5a300000,0x000000ec5a400000)]
  0x0000026fdc35d920 JavaThread "Finalizer" daemon [_thread_blocked, id=34256, stack(0x000000ec5a400000,0x000000ec5a500000)]
  0x0000026fe1819140 JavaThread "Signal Dispatcher" daemon [_thread_blocked, id=11672, stack(0x000000ec5a500000,0x000000ec5a600000)]
  0x0000026fe17f0740 JavaThread "Attach Listener" daemon [_thread_blocked, id=17096, stack(0x000000ec5a600000,0x000000ec5a700000)]
  0x0000026fe17f1d60 JavaThread "Service Thread" daemon [_thread_blocked, id=15932, stack(0x000000ec5a700000,0x000000ec5a800000)]
  0x0000026fe17f30c0 JavaThread "Monitor Deflation Thread" daemon [_thread_blocked, id=9968, stack(0x000000ec5a800000,0x000000ec5a900000)]
  0x0000026fe1835780 JavaThread "C2 CompilerThread0" daemon [_thread_blocked, id=13008, stack(0x000000ec5a900000,0x000000ec5aa00000)]
  0x0000026fc8579fa0 JavaThread "C1 CompilerThread0" daemon [_thread_blocked, id=34684, stack(0x000000ec5aa00000,0x000000ec5ab00000)]
  0x0000026fc857b830 JavaThread "Sweeper thread" daemon [_thread_blocked, id=5292, stack(0x000000ec5ab00000,0x000000ec5ac00000)]
  0x0000026fc8527990 JavaThread "Common-Cleaner" daemon [_thread_blocked, id=5152, stack(0x000000ec5ac00000,0x000000ec5ad00000)]
  0x0000026fe46b75b0 JavaThread "Notification Thread" daemon [_thread_blocked, id=35700, stack(0x000000ec5b200000,0x000000ec5b300000)]
  0x0000026fe4eda320 JavaThread "Active Thread: Equinox Container: ee1552fe-da10-442d-86ea-4c301298932c" [_thread_blocked, id=9396, stack(0x000000ec5bc00000,0x000000ec5bd00000)]
  0x0000026fe4f686c0 JavaThread "Framework Event Dispatcher: Equinox Container: ee1552fe-da10-442d-86ea-4c301298932c" daemon [_thread_blocked, id=38720, stack(0x000000ec5bd00000,0x000000ec5be00000)]
  0x0000026fe507d3e0 JavaThread "Start Level: Equinox Container: ee1552fe-da10-442d-86ea-4c301298932c" daemon [_thread_blocked, id=2192, stack(0x000000ec5be00000,0x000000ec5bf00000)]
  0x0000026fe4e921a0 JavaThread "Bundle File Closer" daemon [_thread_blocked, id=24752, stack(0x000000ec5c100000,0x000000ec5c200000)]
  0x0000026fe5940b90 JavaThread "SCR Component Actor" daemon [_thread_blocked, id=35064, stack(0x000000ec5c400000,0x000000ec5c500000)]
  0x0000026fe59888d0 JavaThread "Worker-JM" [_thread_blocked, id=23812, stack(0x000000ec5c800000,0x000000ec5c900000)]
  0x0000026fe598ac40 JavaThread "Worker-0" [_thread_blocked, id=20304, stack(0x000000ec5c900000,0x000000ec5ca00000)]
  0x0000026fe598a730 JavaThread "Java indexing" daemon [_thread_blocked, id=34088, stack(0x000000ec5d000000,0x000000ec5d100000)]
  0x0000026fe59883c0 JavaThread "JNA Cleaner" daemon [_thread_blocked, id=11620, stack(0x000000ec5d200000,0x000000ec5d300000)]
  0x0000026fe5989800 JavaThread "Thread-2" daemon [_thread_in_native, id=28372, stack(0x000000ec5b600000,0x000000ec5b700000)]
  0x0000026fe598a220 JavaThread "Thread-3" daemon [_thread_in_native, id=21360, stack(0x000000ec5d500000,0x000000ec5d600000)]
  0x0000026fe598bb70 JavaThread "Thread-4" daemon [_thread_in_native, id=28576, stack(0x000000ec5d600000,0x000000ec5d700000)]
  0x0000026fe598b150 JavaThread "Thread-5" daemon [_thread_in_native, id=20400, stack(0x000000ec5d700000,0x000000ec5d800000)]
  0x0000026fe928cba0 JavaThread "Thread-6" daemon [_thread_in_native, id=24660, stack(0x000000ec5d800000,0x000000ec5d900000)]
  0x0000026fe9287fb0 JavaThread "Thread-7" daemon [_thread_in_native, id=18160, stack(0x000000ec5d900000,0x000000ec5da00000)]
  0x0000026fe928b760 JavaThread "Thread-8" daemon [_thread_in_native, id=14932, stack(0x000000ec5da00000,0x000000ec5db00000)]
  0x0000026fe9289e10 JavaThread "Thread-9" daemon [_thread_in_native, id=2420, stack(0x000000ec5db00000,0x000000ec5dc00000)]
  0x0000026fe928a320 JavaThread "Thread-10" daemon [_thread_in_native, id=27868, stack(0x000000ec5dc00000,0x000000ec5dd00000)]
  0x0000026fe928c180 JavaThread "Thread-11" daemon [_thread_in_native, id=34692, stack(0x000000ec5dd00000,0x000000ec5de00000)]
  0x0000026fe928dad0 JavaThread "Thread-12" daemon [_thread_in_native, id=5692, stack(0x000000ec5de00000,0x000000ec5df00000)]
  0x0000026fe928a830 JavaThread "Thread-13" daemon [_thread_in_native, id=26932, stack(0x000000ec5df00000,0x000000ec5e000000)]
  0x0000026fe92884c0 JavaThread "Thread-14" daemon [_thread_in_native, id=28492, stack(0x000000ec5e000000,0x000000ec5e100000)]
  0x0000026fe928b250 JavaThread "Thread-15" daemon [_thread_in_native, id=5296, stack(0x000000ec5e100000,0x000000ec5e200000)]
  0x0000026fe928d0b0 JavaThread "Thread-16" daemon [_thread_in_native, id=25032, stack(0x000000ec5e200000,0x000000ec5e300000)]
  0x0000026fe9287aa0 JavaThread "Thread-17" daemon [_thread_in_native, id=1552, stack(0x000000ec5e300000,0x000000ec5e400000)]
  0x0000026fe928d5c0 JavaThread "Thread-18" daemon [_thread_in_native, id=29224, stack(0x000000ec5e400000,0x000000ec5e500000)]
  0x0000026fe92889d0 JavaThread "Thread-19" daemon [_thread_in_native, id=36712, stack(0x000000ec5e500000,0x000000ec5e600000)]
  0x0000026fe9287080 JavaThread "Thread-20" daemon [_thread_in_native, id=24836, stack(0x000000ec5e600000,0x000000ec5e700000)]
  0x0000026fe928c690 JavaThread "Thread-21" daemon [_thread_in_native, id=37560, stack(0x000000ec5e700000,0x000000ec5e800000)]
  0x0000026fe9286660 JavaThread "Thread-22" daemon [_thread_in_native, id=856, stack(0x000000ec5e800000,0x000000ec5e900000)]
  0x0000026fe9288ee0 JavaThread "Thread-23" daemon [_thread_in_native, id=9956, stack(0x000000ec5e900000,0x000000ec5ea00000)]
  0x0000026fe928dfe0 JavaThread "Thread-24" daemon [_thread_in_native, id=8768, stack(0x000000ec5ea00000,0x000000ec5eb00000)]
  0x0000026fe92893f0 JavaThread "Thread-25" daemon [_thread_in_native, id=6596, stack(0x000000ec5eb00000,0x000000ec5ec00000)]
  0x0000026fe928bc70 JavaThread "Thread-26" daemon [_thread_in_native, id=36044, stack(0x000000ec5ec00000,0x000000ec5ed00000)]
  0x0000026fe9289900 JavaThread "pool-2-thread-1" [_thread_blocked, id=36736, stack(0x000000ec5ed00000,0x000000ec5ee00000)]
  0x0000026fe9286b70 JavaThread "WorkspaceEventsHandler" [_thread_blocked, id=21440, stack(0x000000ec5b500000,0x000000ec5b600000)]
  0x0000026fe9287590 JavaThread "pool-1-thread-1" [_thread_blocked, id=17296, stack(0x000000ec5ee00000,0x000000ec5ef00000)]
  0x0000026fe78505d0 JavaThread "Worker-3" [_thread_blocked, id=23124, stack(0x000000ec5f400000,0x000000ec5f500000)]
  0x0000026fe7857f50 JavaThread "ForkJoinPool.commonPool-worker-2" daemon [_thread_blocked, id=22060, stack(0x000000ec5f200000,0x000000ec5f300000)]
  0x0000026fe7852e50 JavaThread "ForkJoinPool.commonPool-worker-3" daemon [_thread_blocked, id=31756, stack(0x000000ec5f500000,0x000000ec5f600000)]
  0x0000026fe7857a40 JavaThread "ForkJoinPool.commonPool-worker-4" daemon [_thread_blocked, id=38088, stack(0x000000ec5f600000,0x000000ec5f700000)]
  0x0000026fe7850ae0 JavaThread "ForkJoinPool.commonPool-worker-5" daemon [_thread_blocked, id=2252, stack(0x000000ec5f700000,0x000000ec5f800000)]
  0x0000026fe7851a10 JavaThread "ForkJoinPool.commonPool-worker-6" daemon [_thread_blocked, id=26596, stack(0x000000ec5f800000,0x000000ec5f900000)]
  0x0000026fe7851f20 JavaThread "ForkJoinPool.commonPool-worker-7" daemon [_thread_blocked, id=7784, stack(0x000000ec5f900000,0x000000ec5fa00000)]
  0x0000026fe7852430 JavaThread "ForkJoinPool.commonPool-worker-8" daemon [_thread_blocked, id=20880, stack(0x000000ec5fa00000,0x000000ec5fb00000)]
  0x0000026fe7852940 JavaThread "ForkJoinPool.commonPool-worker-9" daemon [_thread_blocked, id=10304, stack(0x000000ec5fb00000,0x000000ec5fc00000)]
  0x0000026fe7853870 JavaThread "ForkJoinPool.commonPool-worker-10" daemon [_thread_blocked, id=4820, stack(0x000000ec5fd00000,0x000000ec5fe00000)]
  0x0000026fe78560f0 JavaThread "ForkJoinPool.commonPool-worker-11" daemon [_thread_blocked, id=12300, stack(0x000000ec5fc00000,0x000000ec5fd00000)]
  0x0000026fe7853360 JavaThread "Cleaner-0" daemon [_thread_blocked, id=35800, stack(0x000000ec60000000,0x000000ec60100000)]
  0x0000026fe78556d0 JavaThread "ForkJoinPool.commonPool-worker-12" daemon [_thread_blocked, id=2280, stack(0x000000ec5ad00000,0x000000ec5ae00000)]
  0x0000026fe7854290 JavaThread "ForkJoinPool.commonPool-worker-13" daemon [_thread_blocked, id=376, stack(0x000000ec5b100000,0x000000ec5b200000)]
  0x0000026fe7856600 JavaThread "ForkJoinPool.commonPool-worker-14" daemon [_thread_blocked, id=18436, stack(0x000000ec60200000,0x000000ec60300000)]
  0x0000026fe90c6870 JavaThread "ForkJoinPool.commonPool-worker-15" daemon [_thread_blocked, id=24956, stack(0x000000ec60100000,0x000000ec60200000)]
  0x0000026fe90cb460 JavaThread "ForkJoinPool.commonPool-worker-16" daemon [_thread_blocked, id=2472, stack(0x000000ec60400000,0x000000ec60500000)]
  0x0000026fe90c90f0 JavaThread "ForkJoinPool.commonPool-worker-17" daemon [_thread_blocked, id=13796, stack(0x000000ec5b000000,0x000000ec5b100000)]
  0x0000026fe90c7290 JavaThread "ForkJoinPool.commonPool-worker-18" daemon [_thread_blocked, id=31824, stack(0x000000ec5ae00000,0x000000ec5af00000)]
  0x0000026fe90c5940 JavaThread "Java Debug Server" daemon [_thread_in_native, id=18588, stack(0x000000ec5af00000,0x000000ec5b000000)]
  0x0000026fe90cb970 JavaThread "pool-3-thread-1" [_thread_in_native, id=1908, stack(0x000000ec5b400000,0x000000ec5b500000)]
  0x0000026fe90ca020 JavaThread "RxSchedulerPurge-1" daemon [_thread_blocked, id=22784, stack(0x000000ec5c500000,0x000000ec5c600000)]
  0x0000026fe90ca530 JavaThread "RxCachedWorkerPoolEvictor-1" daemon [_thread_blocked, id=21248, stack(0x000000ec5ef00000,0x000000ec5f000000)]
  0x0000026fe90c77a0 JavaThread "RxNewThreadScheduler-1" daemon [_thread_blocked, id=27912, stack(0x000000ec5f000000,0x000000ec5f100000)]
  0x0000026fe90c6d80 JavaThread "process reaper (pid 35148)" daemon [_thread_in_native, id=2940, stack(0x000000ec59970000,0x000000ec59990000)]
  0x0000026fe90c4500 JavaThread "ForkJoinPool.commonPool-worker-19" daemon [_thread_blocked, id=22916, stack(0x000000ec5fe00000,0x000000ec5ff00000)]
  0x0000026fe90c81c0 JavaThread "ForkJoinPool.commonPool-worker-20" daemon [_thread_blocked, id=21064, stack(0x000000ec60600000,0x000000ec60700000)]
  0x0000026fe90c4a10 JavaThread "ForkJoinPool.commonPool-worker-21" daemon [_thread_blocked, id=24892, stack(0x000000ec59d00000,0x000000ec59e00000)]
=>0x0000026fe90c86d0 JavaThread "ForkJoinPool.commonPool-worker-22" daemon [_thread_in_Java, id=24080, stack(0x000000ec59e00000,0x000000ec59f00000)]
  0x0000026fe90caf50 JavaThread "ForkJoinPool.commonPool-worker-23" daemon [_thread_blocked, id=19556, stack(0x000000ec59f00000,0x000000ec5a000000)]
  0x0000026fe90c5e50 JavaThread "ForkJoinPool.commonPool-worker-24" daemon [_thread_blocked, id=38004, stack(0x000000ec5ff00000,0x000000ec60000000)]

Other Threads:
  0x0000026fc854e9b0 VMThread "VM Thread" [stack: 0x000000ec5a200000,0x000000ec5a300000] [id=19376]
  0x0000026fe46c1380 WatcherThread [stack: 0x000000ec5b300000,0x000000ec5b400000] [id=15784]
  0x0000026fc84da8c0 GCTaskThread "GC Thread#0" [stack: 0x000000ec5a100000,0x000000ec5a200000] [id=17108]
  0x0000026fe4e5edc0 GCTaskThread "GC Thread#1" [stack: 0x000000ec5b700000,0x000000ec5b800000] [id=13696]
  0x0000026fe4d3e060 GCTaskThread "GC Thread#2" [stack: 0x000000ec5b800000,0x000000ec5b900000] [id=37984]
  0x0000026fe48227c0 GCTaskThread "GC Thread#3" [stack: 0x000000ec5b900000,0x000000ec5ba00000] [id=31796]
  0x0000026fe4812390 GCTaskThread "GC Thread#4" [stack: 0x000000ec5ba00000,0x000000ec5bb00000] [id=9472]
  0x0000026fe4812650 GCTaskThread "GC Thread#5" [stack: 0x000000ec5bb00000,0x000000ec5bc00000] [id=4008]
  0x0000026fe55eeca0 GCTaskThread "GC Thread#6" [stack: 0x000000ec5bf00000,0x000000ec5c000000] [id=17148]
  0x0000026fe5562820 GCTaskThread "GC Thread#7" [stack: 0x000000ec5c000000,0x000000ec5c100000] [id=24620]
  0x0000026fe5bf3930 GCTaskThread "GC Thread#8" [stack: 0x000000ec5c200000,0x000000ec5c300000] [id=22052]
  0x0000026fe553b360 GCTaskThread "GC Thread#9" [stack: 0x000000ec5c300000,0x000000ec5c400000] [id=24992]
  0x0000026fe53fa650 GCTaskThread "GC Thread#10" [stack: 0x000000ec5c600000,0x000000ec5c700000] [id=34044]
  0x0000026fe53fa0d0 GCTaskThread "GC Thread#11" [stack: 0x000000ec5c700000,0x000000ec5c800000] [id=23540]
  0x0000026fe53fae90 GCTaskThread "GC Thread#12" [stack: 0x000000ec5cb00000,0x000000ec5cc00000] [id=8076]
  0x0000026fe53fb6d0 GCTaskThread "GC Thread#13" [stack: 0x000000ec5cc00000,0x000000ec5cd00000] [id=34216]
  0x0000026fe53fb990 GCTaskThread "GC Thread#14" [stack: 0x000000ec5cd00000,0x000000ec5ce00000] [id=37424]
  0x0000026fe53fa910 GCTaskThread "GC Thread#15" [stack: 0x000000ec5ce00000,0x000000ec5cf00000] [id=25992]
  0x0000026fe53fbc50 GCTaskThread "GC Thread#16" [stack: 0x000000ec5cf00000,0x000000ec5d000000] [id=21528]
  0x0000026fe53fa390 GCTaskThread "GC Thread#17" [stack: 0x000000ec5d100000,0x000000ec5d200000] [id=25112]

Threads with active compile tasks:

VM state: not at safepoint (normal execution)

VM Mutex/Monitor currently owned by a thread: None

Heap address: 0x00000000c0000000, size: 1024 MB, Compressed Oops mode: 32-bit

CDS archive(s) not mapped
Compressed class space mapped at: 0x0000000100000000-0x0000000140000000, reserved size: 1073741824
Narrow klass base: 0x0000000000000000, Narrow klass shift: 3, Narrow klass range: 0x140000000

GC Precious Log:
 CPUs: 24 total, 24 available
 Memory: 65360M
 Large Page Support: Disabled
 NUMA Support: Disabled
 Compressed Oops: Enabled (32-bit)
 Alignments: Space 512K, Generation 512K, Heap 2M
 Heap Min Capacity: 100M
 Heap Initial Capacity: 100M
 Heap Max Capacity: 1G
 Pre-touch: Disabled
 Parallel Workers: 18

Heap:
 PSYoungGen      total 5632K, used 5043K [0x00000000eab00000, 0x00000000eb180000, 0x0000000100000000)
  eden space 5120K, 91% used [0x00000000eab00000,0x00000000eaf8ce78,0x00000000eb000000)
  from space 512K, 75% used [0x00000000eb100000,0x00000000eb160000,0x00000000eb180000)
  to   space 512K, 0% used [0x00000000eb080000,0x00000000eb080000,0x00000000eb100000)
 ParOldGen       total 288256K, used 224957K [0x00000000c0000000, 0x00000000d1980000, 0x00000000eab00000)
  object space 288256K, 78% used [0x00000000c0000000,0x00000000cdbaf608,0x00000000d1980000)
 Metaspace       used 83611K, committed 84864K, reserved 1179648K
  class space    used 8489K, committed 9024K, reserved 1048576K

Card table byte_map: [0x0000026fc7e60000,0x0000026fc8070000] _byte_map_base: 0x0000026fc7860000

Marking Bits: (ParMarkBitMap*) 0x00007ff97cf0d820
 Begin Bits: [0x0000026fda160000, 0x0000026fdb160000)
 End Bits:   [0x0000026fdb160000, 0x0000026fdc160000)

Polling page: 0x0000026fc6480000

Metaspace:

Usage:
  Non-class:     73.36 MB used.
      Class:      8.29 MB used.
       Both:     81.65 MB used.

Virtual space:
  Non-class space:      128.00 MB reserved,      74.06 MB ( 58%) committed,  2 nodes.
      Class space:        1.00 GB reserved,       8.81 MB ( <1%) committed,  1 nodes.
             Both:        1.12 GB reserved,      82.88 MB (  7%) committed. 

Chunk freelists:
   Non-Class:  5.31 MB
       Class:  7.07 MB
        Both:  12.38 MB

MaxMetaspaceSize: unlimited
CompressedClassSpaceSize: 1.00 GB
Initial GC threshold: 21.00 MB
Current GC threshold: 138.06 MB
CDS: off
MetaspaceReclaimPolicy: balanced
 - commit_granule_bytes: 65536.
 - commit_granule_words: 8192.
 - virtual_space_node_default_size: 8388608.
 - enlarge_chunks_in_place: 1.
 - new_chunks_are_fully_committed: 0.
 - uncommit_free_chunks: 1.
 - use_allocation_guard: 0.
 - handle_deallocations: 1.


Internal statistics:

num_allocs_failed_limit: 9.
num_arena_births: 888.
num_arena_deaths: 14.
num_vsnodes_births: 3.
num_vsnodes_deaths: 0.
num_space_committed: 1326.
num_space_uncommitted: 0.
num_chunks_returned_to_freelist: 23.
num_chunks_taken_from_freelist: 4258.
num_chunk_merges: 12.
num_chunk_splits: 2751.
num_chunks_enlarged: 1750.
num_inconsistent_stats: 0.

CodeHeap 'non-profiled nmethods': size=119168Kb used=15577Kb max_used=15577Kb free=103590Kb
 bounds [0x0000026fd2d00000, 0x0000026fd3c40000, 0x0000026fda160000]
CodeHeap 'profiled nmethods': size=119104Kb used=28024Kb max_used=30156Kb free=91079Kb
 bounds [0x0000026fcb160000, 0x0000026fccee0000, 0x0000026fd25b0000]
CodeHeap 'non-nmethods': size=7488Kb used=1423Kb max_used=3211Kb free=6064Kb
 bounds [0x0000026fd25b0000, 0x0000026fd28e0000, 0x0000026fd2d00000]
 total_blobs=14316 nmethods=13540 adapters=687
 compilation: enabled
              stopped_count=0, restarted_count=0
 full_count=0

Compilation events (20 events):
Event: 242.451 Thread 0x0000026fc8579fa0 nmethod 18201 0x0000026fd3a90810 code [0x0000026fd3a909a0, 0x0000026fd3a90a78]
Event: 242.474 Thread 0x0000026fe1835780 nmethod 18196 0x0000026fd36bc690 code [0x0000026fd36bc920, 0x0000026fd36beae8]
Event: 242.474 Thread 0x0000026fe1835780 18198       4       org.eclipse.jdt.internal.compiler.parser.diagnose.LexStream::next (19 bytes)
Event: 242.474 Thread 0x0000026fe1835780 nmethod 18198 0x0000026fd3a90410 code [0x0000026fd3a90580, 0x0000026fd3a90618]
Event: 242.590 Thread 0x0000026fe1835780 18202       4       jdk.internal.reflect.AccessorGenerator::sub (5 bytes)
Event: 242.590 Thread 0x0000026fe1835780 nmethod 18202 0x0000026fd36bc390 code [0x0000026fd36bc500, 0x0000026fd36bc558]
Event: 242.590 Thread 0x0000026fc8579fa0 18203   !   3       java.util.Collections$SynchronizedCollection::size (24 bytes)
Event: 242.591 Thread 0x0000026fc8579fa0 nmethod 18203 0x0000026fcb31f410 code [0x0000026fcb31f5c0, 0x0000026fcb31f868]
Event: 242.640 Thread 0x0000026fc8579fa0 18204       3       java.util.concurrent.ForkJoinPool$WorkQueue::topLevelExec (76 bytes)
Event: 242.640 Thread 0x0000026fc8579fa0 nmethod 18204 0x0000026fcb470910 code [0x0000026fcb470b00, 0x0000026fcb471058]
Event: 242.640 Thread 0x0000026fc8579fa0 18205       3       java.util.Collections::synchronizedSet (9 bytes)
Event: 242.641 Thread 0x0000026fc8579fa0 nmethod 18205 0x0000026fcb8b5510 code [0x0000026fcb8b56e0, 0x0000026fcb8b5bc8]
Event: 242.641 Thread 0x0000026fc8579fa0 18206       3       java.util.Collections$SynchronizedSet::<init> (6 bytes)
Event: 242.641 Thread 0x0000026fc8579fa0 nmethod 18206 0x0000026fcb71e110 code [0x0000026fcb71e2e0, 0x0000026fcb71e728]
Event: 242.642 Thread 0x0000026fc8579fa0 18207   !   3       org.eclipse.jdt.internal.compiler.parser.Scanner::jumpOverBody (1538 bytes)
Event: 242.644 Thread 0x0000026fc8579fa0 nmethod 18207 0x0000026fcc1c8590 code [0x0000026fcc1c8c20, 0x0000026fcc1cd1b8]
Event: 242.644 Thread 0x0000026fc8579fa0 18209       3       org.eclipse.jdt.internal.core.util.CommentRecorderParser::flushCommentsDefinedPriorTo (463 bytes)
Event: 242.645 Thread 0x0000026fc8579fa0 nmethod 18209 0x0000026fcc112310 code [0x0000026fcc1125a0, 0x0000026fcc113368]
Event: 242.645 Thread 0x0000026fc8579fa0 18212       3       org.eclipse.jdt.internal.compiler.parser.diagnose.DiagnoseParser::scopeTrialCheck (779 bytes)
Event: 242.645 Thread 0x0000026fe1835780 18213       4       org.eclipse.jdt.internal.compiler.parser.diagnose.DiagnoseParser::misspell (554 bytes)

GC Heap History (20 events):
Event: 240.798 GC heap before
{Heap before GC invocations=672 (full 14):
 PSYoungGen      total 6144K, used 5752K [0x00000000eab00000, 0x00000000eb280000, 0x0000000100000000)
  eden space 5120K, 100% used [0x00000000eab00000,0x00000000eb000000,0x00000000eb000000)
  from space 1024K, 61% used [0x00000000eb180000,0x00000000eb21e3d0,0x00000000eb280000)
  to   space 1024K, 0% used [0x00000000eb080000,0x00000000eb080000,0x00000000eb180000)
 ParOldGen       total 288256K, used 222359K [0x00000000c0000000, 0x00000000d1980000, 0x00000000eab00000)
  object space 288256K, 77% used [0x00000000c0000000,0x00000000cd925d88,0x00000000d1980000)
 Metaspace       used 83597K, committed 84800K, reserved 1179648K
  class space    used 8488K, committed 9024K, reserved 1048576K
}
Event: 240.799 GC heap after
{Heap after GC invocations=672 (full 14):
 PSYoungGen      total 5632K, used 480K [0x00000000eab00000, 0x00000000eb200000, 0x0000000100000000)
  eden space 5120K, 0% used [0x00000000eab00000,0x00000000eab00000,0x00000000eb000000)
  from space 512K, 93% used [0x00000000eb080000,0x00000000eb0f8000,0x00000000eb100000)
  to   space 1024K, 0% used [0x00000000eb100000,0x00000000eb100000,0x00000000eb200000)
 ParOldGen       total 288256K, used 222621K [0x00000000c0000000, 0x00000000d1980000, 0x00000000eab00000)
  object space 288256K, 77% used [0x00000000c0000000,0x00000000cd9677a8,0x00000000d1980000)
 Metaspace       used 83597K, committed 84800K, reserved 1179648K
  class space    used 8488K, committed 9024K, reserved 1048576K
}
Event: 240.827 GC heap before
{Heap before GC invocations=673 (full 14):
 PSYoungGen      total 5632K, used 5600K [0x00000000eab00000, 0x00000000eb200000, 0x0000000100000000)
  eden space 5120K, 100% used [0x00000000eab00000,0x00000000eb000000,0x00000000eb000000)
  from space 512K, 93% used [0x00000000eb080000,0x00000000eb0f8000,0x00000000eb100000)
  to   space 1024K, 0% used [0x00000000eb100000,0x00000000eb100000,0x00000000eb200000)
 ParOldGen       total 288256K, used 222621K [0x00000000c0000000, 0x00000000d1980000, 0x00000000eab00000)
  object space 288256K, 77% used [0x00000000c0000000,0x00000000cd9677a8,0x00000000d1980000)
 Metaspace       used 83597K, committed 84800K, reserved 1179648K
  class space    used 8488K, committed 9024K, reserved 1048576K
}
Event: 240.828 GC heap after
{Heap after GC invocations=673 (full 14):
 PSYoungGen      total 6144K, used 672K [0x00000000eab00000, 0x00000000eb200000, 0x0000000100000000)
  eden space 5120K, 0% used [0x00000000eab00000,0x00000000eab00000,0x00000000eb000000)
  from space 1024K, 65% used [0x00000000eb100000,0x00000000eb1a8020,0x00000000eb200000)
  to   space 1024K, 0% used [0x00000000eb000000,0x00000000eb000000,0x00000000eb100000)
 ParOldGen       total 288256K, used 222685K [0x00000000c0000000, 0x00000000d1980000, 0x00000000eab00000)
  object space 288256K, 77% used [0x00000000c0000000,0x00000000cd9777a8,0x00000000d1980000)
 Metaspace       used 83597K, committed 84800K, reserved 1179648K
  class space    used 8488K, committed 9024K, reserved 1048576K
}
Event: 240.835 GC heap before
{Heap before GC invocations=674 (full 14):
 PSYoungGen      total 6144K, used 5792K [0x00000000eab00000, 0x00000000eb200000, 0x0000000100000000)
  eden space 5120K, 100% used [0x00000000eab00000,0x00000000eb000000,0x00000000eb000000)
  from space 1024K, 65% used [0x00000000eb100000,0x00000000eb1a8020,0x00000000eb200000)
  to   space 1024K, 0% used [0x00000000eb000000,0x00000000eb000000,0x00000000eb100000)
 ParOldGen       total 288256K, used 222685K [0x00000000c0000000, 0x00000000d1980000, 0x00000000eab00000)
  object space 288256K, 77% used [0x00000000c0000000,0x00000000cd9777a8,0x00000000d1980000)
 Metaspace       used 83598K, committed 84800K, reserved 1179648K
  class space    used 8488K, committed 9024K, reserved 1048576K
}
Event: 240.836 GC heap after
{Heap after GC invocations=674 (full 14):
 PSYoungGen      total 6144K, used 1024K [0x00000000eab00000, 0x00000000eb400000, 0x0000000100000000)
  eden space 5120K, 0% used [0x00000000eab00000,0x00000000eab00000,0x00000000eb000000)
  from space 1024K, 100% used [0x00000000eb000000,0x00000000eb100000,0x00000000eb100000)
  to   space 2048K, 0% used [0x00000000eb200000,0x00000000eb200000,0x00000000eb400000)
 ParOldGen       total 288256K, used 223371K [0x00000000c0000000, 0x00000000d1980000, 0x00000000eab00000)
  object space 288256K, 77% used [0x00000000c0000000,0x00000000cda22e48,0x00000000d1980000)
 Metaspace       used 83598K, committed 84800K, reserved 1179648K
  class space    used 8488K, committed 9024K, reserved 1048576K
}
Event: 240.886 GC heap before
{Heap before GC invocations=675 (full 14):
 PSYoungGen      total 6144K, used 6144K [0x00000000eab00000, 0x00000000eb400000, 0x0000000100000000)
  eden space 5120K, 100% used [0x00000000eab00000,0x00000000eb000000,0x00000000eb000000)
  from space 1024K, 100% used [0x00000000eb000000,0x00000000eb100000,0x00000000eb100000)
  to   space 2048K, 0% used [0x00000000eb200000,0x00000000eb200000,0x00000000eb400000)
 ParOldGen       total 288256K, used 223371K [0x00000000c0000000, 0x00000000d1980000, 0x00000000eab00000)
  object space 288256K, 77% used [0x00000000c0000000,0x00000000cda22e48,0x00000000d1980000)
 Metaspace       used 83600K, committed 84800K, reserved 1179648K
  class space    used 8488K, committed 9024K, reserved 1048576K
}
Event: 240.887 GC heap after
{Heap after GC invocations=675 (full 14):
 PSYoungGen      total 5632K, used 416K [0x00000000eab00000, 0x00000000eb280000, 0x0000000100000000)
  eden space 5120K, 0% used [0x00000000eab00000,0x00000000eab00000,0x00000000eb000000)
  from space 512K, 81% used [0x00000000eb200000,0x00000000eb268000,0x00000000eb280000)
  to   space 1024K, 0% used [0x00000000eb080000,0x00000000eb080000,0x00000000eb180000)
 ParOldGen       total 288256K, used 224307K [0x00000000c0000000, 0x00000000d1980000, 0x00000000eab00000)
  object space 288256K, 77% used [0x00000000c0000000,0x00000000cdb0ce48,0x00000000d1980000)
 Metaspace       used 83600K, committed 84800K, reserved 1179648K
  class space    used 8488K, committed 9024K, reserved 1048576K
}
Event: 240.893 GC heap before
{Heap before GC invocations=676 (full 14):
 PSYoungGen      total 5632K, used 5536K [0x00000000eab00000, 0x00000000eb280000, 0x0000000100000000)
  eden space 5120K, 100% used [0x00000000eab00000,0x00000000eb000000,0x00000000eb000000)
  from space 512K, 81% used [0x00000000eb200000,0x00000000eb268000,0x00000000eb280000)
  to   space 1024K, 0% used [0x00000000eb080000,0x00000000eb080000,0x00000000eb180000)
 ParOldGen       total 288256K, used 224307K [0x00000000c0000000, 0x00000000d1980000, 0x00000000eab00000)
  object space 288256K, 77% used [0x00000000c0000000,0x00000000cdb0ce48,0x00000000d1980000)
 Metaspace       used 83600K, committed 84800K, reserved 1179648K
  class space    used 8488K, committed 9024K, reserved 1048576K
}
Event: 240.893 GC heap after
{Heap after GC invocations=676 (full 14):
 PSYoungGen      total 6144K, used 640K [0x00000000eab00000, 0x00000000eb280000, 0x0000000100000000)
  eden space 5120K, 0% used [0x00000000eab00000,0x00000000eab00000,0x00000000eb000000)
  from space 1024K, 62% used [0x00000000eb080000,0x00000000eb120000,0x00000000eb180000)
  to   space 1024K, 0% used [0x00000000eb180000,0x00000000eb180000,0x00000000eb280000)
 ParOldGen       total 288256K, used 224427K [0x00000000c0000000, 0x00000000d1980000, 0x00000000eab00000)
  object space 288256K, 77% used [0x00000000c0000000,0x00000000cdb2ae48,0x00000000d1980000)
 Metaspace       used 83600K, committed 84800K, reserved 1179648K
  class space    used 8488K, committed 9024K, reserved 1048576K
}
Event: 241.159 GC heap before
{Heap before GC invocations=677 (full 14):
 PSYoungGen      total 6144K, used 5760K [0x00000000eab00000, 0x00000000eb280000, 0x0000000100000000)
  eden space 5120K, 100% used [0x00000000eab00000,0x00000000eb000000,0x00000000eb000000)
  from space 1024K, 62% used [0x00000000eb080000,0x00000000eb120000,0x00000000eb180000)
  to   space 1024K, 0% used [0x00000000eb180000,0x00000000eb180000,0x00000000eb280000)
 ParOldGen       total 288256K, used 224427K [0x00000000c0000000, 0x00000000d1980000, 0x00000000eab00000)
  object space 288256K, 77% used [0x00000000c0000000,0x00000000cdb2ae48,0x00000000d1980000)
 Metaspace       used 83600K, committed 84800K, reserved 1179648K
  class space    used 8488K, committed 9024K, reserved 1048576K
}
Event: 241.160 GC heap after
{Heap after GC invocations=677 (full 14):
 PSYoungGen      total 6144K, used 992K [0x00000000eab00000, 0x00000000eb300000, 0x0000000100000000)
  eden space 5120K, 0% used [0x00000000eab00000,0x00000000eab00000,0x00000000eb000000)
  from space 1024K, 96% used [0x00000000eb180000,0x00000000eb278020,0x00000000eb280000)
  to   space 1536K, 0% used [0x00000000eb000000,0x00000000eb000000,0x00000000eb180000)
 ParOldGen       total 288256K, used 224459K [0x00000000c0000000, 0x00000000d1980000, 0x00000000eab00000)
  object space 288256K, 77% used [0x00000000c0000000,0x00000000cdb32e48,0x00000000d1980000)
 Metaspace       used 83600K, committed 84800K, reserved 1179648K
  class space    used 8488K, committed 9024K, reserved 1048576K
}
Event: 241.169 GC heap before
{Heap before GC invocations=678 (full 14):
 PSYoungGen      total 6144K, used 6112K [0x00000000eab00000, 0x00000000eb300000, 0x0000000100000000)
  eden space 5120K, 100% used [0x00000000eab00000,0x00000000eb000000,0x00000000eb000000)
  from space 1024K, 96% used [0x00000000eb180000,0x00000000eb278020,0x00000000eb280000)
  to   space 1536K, 0% used [0x00000000eb000000,0x00000000eb000000,0x00000000eb180000)
 ParOldGen       total 288256K, used 224459K [0x00000000c0000000, 0x00000000d1980000, 0x00000000eab00000)
  object space 288256K, 77% used [0x00000000c0000000,0x00000000cdb32e48,0x00000000d1980000)
 Metaspace       used 83601K, committed 84800K, reserved 1179648K
  class space    used 8488K, committed 9024K, reserved 1048576K
}
Event: 241.169 GC heap after
{Heap after GC invocations=678 (full 14):
 PSYoungGen      total 5632K, used 320K [0x00000000eab00000, 0x00000000eb200000, 0x0000000100000000)
  eden space 5120K, 0% used [0x00000000eab00000,0x00000000eab00000,0x00000000eb000000)
  from space 512K, 62% used [0x00000000eb000000,0x00000000eb050000,0x00000000eb080000)
  to   space 1024K, 0% used [0x00000000eb100000,0x00000000eb100000,0x00000000eb200000)
 ParOldGen       total 288256K, used 224619K [0x00000000c0000000, 0x00000000d1980000, 0x00000000eab00000)
  object space 288256K, 77% used [0x00000000c0000000,0x00000000cdb5ae68,0x00000000d1980000)
 Metaspace       used 83601K, committed 84800K, reserved 1179648K
  class space    used 8488K, committed 9024K, reserved 1048576K
}
Event: 241.180 GC heap before
{Heap before GC invocations=679 (full 14):
 PSYoungGen      total 5632K, used 5440K [0x00000000eab00000, 0x00000000eb200000, 0x0000000100000000)
  eden space 5120K, 100% used [0x00000000eab00000,0x00000000eb000000,0x00000000eb000000)
  from space 512K, 62% used [0x00000000eb000000,0x00000000eb050000,0x00000000eb080000)
  to   space 1024K, 0% used [0x00000000eb100000,0x00000000eb100000,0x00000000eb200000)
 ParOldGen       total 288256K, used 224619K [0x00000000c0000000, 0x00000000d1980000, 0x00000000eab00000)
  object space 288256K, 77% used [0x00000000c0000000,0x00000000cdb5ae68,0x00000000d1980000)
 Metaspace       used 83602K, committed 84800K, reserved 1179648K
  class space    used 8488K, committed 9024K, reserved 1048576K
}
Event: 241.180 GC heap after
{Heap after GC invocations=679 (full 14):
 PSYoungGen      total 6144K, used 536K [0x00000000eab00000, 0x00000000eb200000, 0x0000000100000000)
  eden space 5120K, 0% used [0x00000000eab00000,0x00000000eab00000,0x00000000eb000000)
  from space 1024K, 52% used [0x00000000eb100000,0x00000000eb1863d0,0x00000000eb200000)
  to   space 1024K, 0% used [0x00000000eb000000,0x00000000eb000000,0x00000000eb100000)
 ParOldGen       total 288256K, used 224683K [0x00000000c0000000, 0x00000000d1980000, 0x00000000eab00000)
  object space 288256K, 77% used [0x00000000c0000000,0x00000000cdb6ae68,0x00000000d1980000)
 Metaspace       used 83602K, committed 84800K, reserved 1179648K
  class space    used 8488K, committed 9024K, reserved 1048576K
}
Event: 241.184 GC heap before
{Heap before GC invocations=680 (full 14):
 PSYoungGen      total 6144K, used 5656K [0x00000000eab00000, 0x00000000eb200000, 0x0000000100000000)
  eden space 5120K, 100% used [0x00000000eab00000,0x00000000eb000000,0x00000000eb000000)
  from space 1024K, 52% used [0x00000000eb100000,0x00000000eb1863d0,0x00000000eb200000)
  to   space 1024K, 0% used [0x00000000eb000000,0x00000000eb000000,0x00000000eb100000)
 ParOldGen       total 288256K, used 224683K [0x00000000c0000000, 0x00000000d1980000, 0x00000000eab00000)
  object space 288256K, 77% used [0x00000000c0000000,0x00000000cdb6ae68,0x00000000d1980000)
 Metaspace       used 83602K, committed 84800K, reserved 1179648K
  class space    used 8488K, committed 9024K, reserved 1048576K
}
Event: 241.185 GC heap after
{Heap after GC invocations=680 (full 14):
 PSYoungGen      total 6144K, used 256K [0x00000000eab00000, 0x00000000eb180000, 0x0000000100000000)
  eden space 5120K, 0% used [0x00000000eab00000,0x00000000eab00000,0x00000000eb000000)
  from space 1024K, 25% used [0x00000000eb000000,0x00000000eb040000,0x00000000eb100000)
  to   space 512K, 0% used [0x00000000eb100000,0x00000000eb100000,0x00000000eb180000)
 ParOldGen       total 288256K, used 224901K [0x00000000c0000000, 0x00000000d1980000, 0x00000000eab00000)
  object space 288256K, 78% used [0x00000000c0000000,0x00000000cdba1608,0x00000000d1980000)
 Metaspace       used 83602K, committed 84800K, reserved 1179648K
  class space    used 8488K, committed 9024K, reserved 1048576K
}
Event: 241.721 GC heap before
{Heap before GC invocations=681 (full 14):
 PSYoungGen      total 6144K, used 5376K [0x00000000eab00000, 0x00000000eb180000, 0x0000000100000000)
  eden space 5120K, 100% used [0x00000000eab00000,0x00000000eb000000,0x00000000eb000000)
  from space 1024K, 25% used [0x00000000eb000000,0x00000000eb040000,0x00000000eb100000)
  to   space 512K, 0% used [0x00000000eb100000,0x00000000eb100000,0x00000000eb180000)
 ParOldGen       total 288256K, used 224901K [0x00000000c0000000, 0x00000000d1980000, 0x00000000eab00000)
  object space 288256K, 78% used [0x00000000c0000000,0x00000000cdba1608,0x00000000d1980000)
 Metaspace       used 83602K, committed 84800K, reserved 1179648K
  class space    used 8488K, committed 9024K, reserved 1048576K
}
Event: 241.721 GC heap after
{Heap after GC invocations=681 (full 14):
 PSYoungGen      total 5632K, used 384K [0x00000000eab00000, 0x00000000eb180000, 0x0000000100000000)
  eden space 5120K, 0% used [0x00000000eab00000,0x00000000eab00000,0x00000000eb000000)
  from space 512K, 75% used [0x00000000eb100000,0x00000000eb160000,0x00000000eb180000)
  to   space 512K, 0% used [0x00000000eb080000,0x00000000eb080000,0x00000000eb100000)
 ParOldGen       total 288256K, used 224957K [0x00000000c0000000, 0x00000000d1980000, 0x00000000eab00000)
  object space 288256K, 78% used [0x00000000c0000000,0x00000000cdbaf608,0x00000000d1980000)
 Metaspace       used 83602K, committed 84800K, reserved 1179648K
  class space    used 8488K, committed 9024K, reserved 1048576K
}

Dll operation events (11 events):
Event: 0.004 Loaded shared library c:\Users\ed069\.vscode\extensions\redhat.java-1.31.0-win32-x64\jre\17.0.11-win32-x86_64\bin\java.dll
Event: 0.053 Loaded shared library c:\Users\ed069\.vscode\extensions\redhat.java-1.31.0-win32-x64\jre\17.0.11-win32-x86_64\bin\zip.dll
Event: 0.056 Loaded shared library C:\Users\ed069\.vscode\extensions\redhat.java-1.31.0-win32-x64\jre\17.0.11-win32-x86_64\bin\instrument.dll
Event: 0.060 Loaded shared library C:\Users\ed069\.vscode\extensions\redhat.java-1.31.0-win32-x64\jre\17.0.11-win32-x86_64\bin\net.dll
Event: 0.061 Loaded shared library C:\Users\ed069\.vscode\extensions\redhat.java-1.31.0-win32-x64\jre\17.0.11-win32-x86_64\bin\nio.dll
Event: 0.064 Loaded shared library C:\Users\ed069\.vscode\extensions\redhat.java-1.31.0-win32-x64\jre\17.0.11-win32-x86_64\bin\zip.dll
Event: 0.069 Loaded shared library C:\Users\ed069\.vscode\extensions\redhat.java-1.31.0-win32-x64\jre\17.0.11-win32-x86_64\bin\jimage.dll
Event: 0.088 Loaded shared library c:\Users\ed069\.vscode\extensions\redhat.java-1.31.0-win32-x64\jre\17.0.11-win32-x86_64\bin\verify.dll
Event: 0.412 Loaded shared library C:\Users\ed069\AppData\Roaming\Code\User\globalStorage\redhat.java\1.31.0\config_win\org.eclipse.equinox.launcher\org.eclipse.equinox.launcher.win32.win32.x86_64_1.2.1000.v20240507-1834\eclipse_11902.dll
Event: 1.632 Loaded shared library C:\Users\ed069\AppData\Local\Temp\jna-96302580\jna11820265836901831809.dll
Event: 38.839 Loaded shared library C:\Users\ed069\.vscode\extensions\redhat.java-1.31.0-win32-x64\jre\17.0.11-win32-x86_64\bin\extnet.dll

Deoptimization events (20 events):
Event: 242.644 Thread 0x0000026fe90c86d0 Uncommon trap: trap_request=0xffffff45 fr.pc=0x0000026fd2f106d0 relative=0x0000000000000810
Event: 242.644 Thread 0x0000026fe90c86d0 Uncommon trap: reason=unstable_if action=reinterpret pc=0x0000026fd2f106d0 method=org.eclipse.jdt.internal.compiler.util.CharDeduplication.sharedCopyOfRange([CII)[C @ 39 c2
Event: 242.644 Thread 0x0000026fe90c86d0 DEOPT PACKING pc=0x0000026fd2f106d0 sp=0x000000ec59efe020
Event: 242.644 Thread 0x0000026fe90c86d0 DEOPT UNPACKING pc=0x0000026fd26066a3 sp=0x000000ec59efdfb0 mode 2
Event: 242.644 Thread 0x0000026fe90c86d0 Uncommon trap: trap_request=0xffffff45 fr.pc=0x0000026fd31860c8 relative=0x00000000000000a8
Event: 242.644 Thread 0x0000026fe90c86d0 Uncommon trap: reason=unstable_if action=reinterpret pc=0x0000026fd31860c8 method=org.eclipse.jdt.internal.core.util.CommentRecorderParser.checkComment()V @ 21 c2
Event: 242.644 Thread 0x0000026fe90c86d0 DEOPT PACKING pc=0x0000026fd31860c8 sp=0x000000ec59efe230
Event: 242.644 Thread 0x0000026fe90c86d0 DEOPT UNPACKING pc=0x0000026fd26066a3 sp=0x000000ec59efe1a0 mode 2
Event: 242.645 Thread 0x0000026fe90c86d0 Uncommon trap: trap_request=0xffffffde fr.pc=0x0000026fd35aee78 relative=0x0000000000001338
Event: 242.645 Thread 0x0000026fe90c86d0 Uncommon trap: reason=class_check action=maybe_recompile pc=0x0000026fd35aee78 method=org.eclipse.jdt.internal.compiler.parser.Parser.parse()V @ 750 c2
Event: 242.645 Thread 0x0000026fe90c86d0 DEOPT PACKING pc=0x0000026fd35aee78 sp=0x000000ec59efe2d0
Event: 242.645 Thread 0x0000026fe90c86d0 DEOPT UNPACKING pc=0x0000026fd26066a3 sp=0x000000ec59efe270 mode 2
Event: 242.645 Thread 0x0000026fe90c86d0 Uncommon trap: trap_request=0xffffff45 fr.pc=0x0000026fd36be754 relative=0x0000000000001e34
Event: 242.645 Thread 0x0000026fe90c86d0 Uncommon trap: reason=unstable_if action=reinterpret pc=0x0000026fd36be754 method=org.eclipse.jdt.internal.compiler.parser.diagnose.DiagnoseParser.scopeTrialCheck([IILorg/eclipse/jdt/internal/compiler/parser/diagnose/DiagnoseParser$PrimaryRepairInfo;I)V @
Event: 242.645 Thread 0x0000026fe90c86d0 DEOPT PACKING pc=0x0000026fd36be754 sp=0x000000ec59efdd30
Event: 242.645 Thread 0x0000026fe90c86d0 DEOPT UNPACKING pc=0x0000026fd26066a3 sp=0x000000ec59efdc88 mode 2
Event: 242.645 Thread 0x0000026fe90c86d0 Uncommon trap: trap_request=0xffffff45 fr.pc=0x0000026fd36be754 relative=0x0000000000001e34
Event: 242.645 Thread 0x0000026fe90c86d0 Uncommon trap: reason=unstable_if action=reinterpret pc=0x0000026fd36be754 method=org.eclipse.jdt.internal.compiler.parser.diagnose.DiagnoseParser.scopeTrialCheck([IILorg/eclipse/jdt/internal/compiler/parser/diagnose/DiagnoseParser$PrimaryRepairInfo;I)V @
Event: 242.645 Thread 0x0000026fe90c86d0 DEOPT PACKING pc=0x0000026fd36be754 sp=0x000000ec59efdda0
Event: 242.645 Thread 0x0000026fe90c86d0 DEOPT UNPACKING pc=0x0000026fd26066a3 sp=0x000000ec59efdd20 mode 2

Classes unloaded (7 events):
Event: 1.562 Thread 0x0000026fc854e9b0 Unloading class 0x0000000100252400 'java/lang/invoke/LambdaForm$MH+0x0000000100252400'
Event: 1.562 Thread 0x0000026fc854e9b0 Unloading class 0x0000000100252000 'java/lang/invoke/LambdaForm$MH+0x0000000100252000'
Event: 1.562 Thread 0x0000026fc854e9b0 Unloading class 0x0000000100251c00 'java/lang/invoke/LambdaForm$MH+0x0000000100251c00'
Event: 1.562 Thread 0x0000026fc854e9b0 Unloading class 0x0000000100251800 'java/lang/invoke/LambdaForm$MH+0x0000000100251800'
Event: 1.562 Thread 0x0000026fc854e9b0 Unloading class 0x0000000100251400 'java/lang/invoke/LambdaForm$BMH+0x0000000100251400'
Event: 1.562 Thread 0x0000026fc854e9b0 Unloading class 0x0000000100251000 'java/lang/invoke/LambdaForm$DMH+0x0000000100251000'
Event: 1.562 Thread 0x0000026fc854e9b0 Unloading class 0x000000010024c400 'java/lang/invoke/LambdaForm$DMH+0x000000010024c400'

Classes redefined (0 events):
No events

Internal exceptions (20 events):
Event: 38.907 Thread 0x0000026fe90c77a0 Exception <a 'java/lang/NoSuchMethodError'{0x00000000eb32bd00}: 'java.lang.Object java.lang.invoke.DirectMethodHandle$Holder.invokeStatic(java.lang.Object, long, java.lang.Object, java.lang.Object)'> (0x00000000eb32bd00) 
thrown [s\src\hotspot\share\interpreter\linkResolver.cpp, line 759]
Event: 38.907 Thread 0x0000026fe90c77a0 Exception <a 'java/lang/NoSuchMethodError'{0x00000000eb332af0}: 'java.lang.Object java.lang.invoke.DirectMethodHandle$Holder.newInvokeSpecial(java.lang.Object, long)'> (0x00000000eb332af0) 
thrown [s\src\hotspot\share\interpreter\linkResolver.cpp, line 759]
Event: 51.168 Thread 0x0000026fe7857530 Implicit null exception at 0x0000026fd3387a7b to 0x0000026fd3388d2b
Event: 190.516 Thread 0x0000026fe9287590 Implicit null exception at 0x0000026fd38cd391 to 0x0000026fd38ce9c4
Event: 190.516 Thread 0x0000026fe9287590 Implicit null exception at 0x0000026fd36b0968 to 0x0000026fd36b0a64
Event: 190.545 Thread 0x0000026fe9287590 Exception <a 'java/lang/ArrayIndexOutOfBoundsException'{0x00000000eadcb6f0}: Index 47 out of bounds for length 47> (0x00000000eadcb6f0) 
thrown [s\src\hotspot\share\interpreter\interpreterRuntime.cpp, line 428]
Event: 190.546 Thread 0x0000026fe9287590 Implicit null exception at 0x0000026fd39c5366 to 0x0000026fd39c9094
Event: 190.550 Thread 0x0000026fe9287590 Exception <a 'java/lang/ArrayIndexOutOfBoundsException'{0x00000000eab62408}: Index 42 out of bounds for length 42> (0x00000000eab62408) 
thrown [s\src\hotspot\share\interpreter\interpreterRuntime.cpp, line 428]
Event: 190.552 Thread 0x0000026fe9287590 Exception <a 'java/lang/ArrayIndexOutOfBoundsException'{0x00000000eac416b0}: Index 47 out of bounds for length 47> (0x00000000eac416b0) 
thrown [s\src\hotspot\share\interpreter\interpreterRuntime.cpp, line 428]
Event: 190.553 Thread 0x0000026fe9287590 Exception <a 'java/lang/ArrayIndexOutOfBoundsException'{0x00000000eacf4308}: Index 47 out of bounds for length 47> (0x00000000eacf4308) 
thrown [s\src\hotspot\share\interpreter\interpreterRuntime.cpp, line 428]
Event: 190.856 Thread 0x0000026fe90c4a10 Implicit null exception at 0x0000026fd3a713a6 to 0x0000026fd3a72a44
Event: 191.968 Thread 0x0000026fe90caf50 Exception <a 'java/lang/ArrayIndexOutOfBoundsException'{0x00000000eab5b918}: Index 12399 out of bounds for length 12399> (0x00000000eab5b918) 
thrown [s\src\hotspot\share\interpreter\interpreterRuntime.cpp, line 428]
Event: 192.017 Thread 0x0000026fe90caf50 Exception <a 'java/lang/ArrayIndexOutOfBoundsException'{0x00000000eadab830}> (0x00000000eadab830) 
thrown [s\src\hotspot\share\runtime\sharedRuntime.cpp, line 631]
Event: 194.373 Thread 0x0000026fe9287590 Implicit null exception at 0x0000026fd3ac781e to 0x0000026fd3ac78ac
Event: 194.377 Thread 0x0000026fe9287590 Exception <a 'java/lang/ArrayIndexOutOfBoundsException'{0x00000000eadd3f48}> (0x00000000eadd3f48) 
thrown [s\src\hotspot\share\runtime\sharedRuntime.cpp, line 631]
Event: 198.050 Thread 0x0000026fe9287590 Exception <a 'java/lang/ArrayIndexOutOfBoundsException'{0x00000000eab1d018}> (0x00000000eab1d018) 
thrown [s\src\hotspot\share\runtime\sharedRuntime.cpp, line 631]
Event: 200.595 Thread 0x0000026fe9287590 Exception <a 'java/lang/ArrayIndexOutOfBoundsException'{0x00000000eacb61b0}> (0x00000000eacb61b0) 
thrown [s\src\hotspot\share\runtime\sharedRuntime.cpp, line 631]
Event: 202.443 Thread 0x0000026fe90c5e50 Exception <a 'java/lang/ArrayIndexOutOfBoundsException'{0x00000000eaff35a8}> (0x00000000eaff35a8) 
thrown [s\src\hotspot\share\runtime\sharedRuntime.cpp, line 631]
Event: 204.143 Thread 0x0000026fe90c86d0 Implicit null exception at 0x0000026fd3b4cd05 to 0x0000026fd3b50c94
Event: 204.307 Thread 0x0000026fe90c86d0 Exception <a 'java/lang/ArrayIndexOutOfBoundsException'{0x00000000eab5b3e8}> (0x00000000eab5b3e8) 
thrown [s\src\hotspot\share\runtime\sharedRuntime.cpp, line 631]

VM Operations (20 events):
Event: 240.798 Executing VM operation: ParallelGCFailedAllocation
Event: 240.799 Executing VM operation: ParallelGCFailedAllocation done
Event: 240.827 Executing VM operation: ParallelGCFailedAllocation
Event: 240.828 Executing VM operation: ParallelGCFailedAllocation done
Event: 240.835 Executing VM operation: ParallelGCFailedAllocation
Event: 240.836 Executing VM operation: ParallelGCFailedAllocation done
Event: 240.886 Executing VM operation: ParallelGCFailedAllocation
Event: 240.887 Executing VM operation: ParallelGCFailedAllocation done
Event: 240.893 Executing VM operation: ParallelGCFailedAllocation
Event: 240.893 Executing VM operation: ParallelGCFailedAllocation done
Event: 241.159 Executing VM operation: ParallelGCFailedAllocation
Event: 241.160 Executing VM operation: ParallelGCFailedAllocation done
Event: 241.169 Executing VM operation: ParallelGCFailedAllocation
Event: 241.169 Executing VM operation: ParallelGCFailedAllocation done
Event: 241.180 Executing VM operation: ParallelGCFailedAllocation
Event: 241.180 Executing VM operation: ParallelGCFailedAllocation done
Event: 241.184 Executing VM operation: ParallelGCFailedAllocation
Event: 241.185 Executing VM operation: ParallelGCFailedAllocation done
Event: 241.721 Executing VM operation: ParallelGCFailedAllocation
Event: 241.721 Executing VM operation: ParallelGCFailedAllocation done

Events (20 events):
Event: 239.415 Thread 0x0000026fc857b830 flushing nmethod 0x0000026fccb2d290
Event: 239.415 Thread 0x0000026fc857b830 flushing nmethod 0x0000026fccbe0690
Event: 239.415 Thread 0x0000026fc857b830 flushing nmethod 0x0000026fccbeb590
Event: 239.415 Thread 0x0000026fc857b830 flushing nmethod 0x0000026fccc02710
Event: 239.415 Thread 0x0000026fc857b830 flushing nmethod 0x0000026fccc07190
Event: 239.415 Thread 0x0000026fc857b830 flushing nmethod 0x0000026fccc1f490
Event: 239.415 Thread 0x0000026fc857b830 flushing nmethod 0x0000026fccc33410
Event: 239.415 Thread 0x0000026fc857b830 flushing nmethod 0x0000026fccc3fa10
Event: 239.415 Thread 0x0000026fc857b830 flushing nmethod 0x0000026fccc4c510
Event: 239.415 Thread 0x0000026fc857b830 flushing nmethod 0x0000026fccc52a10
Event: 239.415 Thread 0x0000026fc857b830 flushing nmethod 0x0000026fccc5a790
Event: 239.415 Thread 0x0000026fc857b830 flushing nmethod 0x0000026fccc5d310
Event: 239.415 Thread 0x0000026fc857b830 flushing nmethod 0x0000026fccc6d990
Event: 239.670 Thread 0x0000026fea462250 Thread exited: 0x0000026fea462250
Event: 239.821 Thread 0x0000026fea462250 Thread added: 0x0000026fea462250
Event: 239.821 Thread 0x0000026fea4627a0 Thread added: 0x0000026fea4627a0
Event: 240.474 Thread 0x0000026fea4627a0 Thread exited: 0x0000026fea4627a0
Event: 240.474 Thread 0x0000026fea462250 Thread exited: 0x0000026fea462250
Event: 241.175 Thread 0x0000026fea466760 Thread added: 0x0000026fea466760
Event: 241.720 Thread 0x0000026fea466760 Thread exited: 0x0000026fea466760


Dynamic libraries:
0x00007ff6b66b0000 - 0x00007ff6b66be000 	c:\Users\ed069\.vscode\extensions\redhat.java-1.31.0-win32-x64\jre\17.0.11-win32-x86_64\bin\java.exe
0x00007ffa33710000 - 0x00007ffa33908000 	C:\Windows\SYSTEM32\ntdll.dll
0x00007ffa328b0000 - 0x00007ffa3296d000 	C:\Windows\System32\KERNEL32.DLL
0x00007ffa310f0000 - 0x00007ffa313e6000 	C:\Windows\System32\KERNELBASE.dll
0x00007ffa30f80000 - 0x00007ffa31080000 	C:\Windows\System32\ucrtbase.dll
0x00007ffa2bee0000 - 0x00007ffa2bef7000 	c:\Users\ed069\.vscode\extensions\redhat.java-1.31.0-win32-x64\jre\17.0.11-win32-x86_64\bin\jli.dll
0x00007ffa1b230000 - 0x00007ffa1b24b000 	c:\Users\ed069\.vscode\extensions\redhat.java-1.31.0-win32-x64\jre\17.0.11-win32-x86_64\bin\VCRUNTIME140.dll
0x00007ffa32f80000 - 0x00007ffa3311f000 	C:\Windows\System32\USER32.dll
0x00007ffa30160000 - 0x00007ffa303fa000 	C:\Windows\WinSxS\amd64_microsoft.windows.common-controls_6595b64144ccf1df_6.0.19041.4355_none_60b8b9eb71f62e16\COMCTL32.dll
0x00007ffa31660000 - 0x00007ffa31682000 	C:\Windows\System32\win32u.dll
0x00007ffa32ee0000 - 0x00007ffa32f7e000 	C:\Windows\System32\msvcrt.dll
0x00007ffa33160000 - 0x00007ffa3318b000 	C:\Windows\System32\GDI32.dll
0x00007ffa30dc0000 - 0x00007ffa30ed7000 	C:\Windows\System32\gdi32full.dll
0x00007ffa30ee0000 - 0x00007ffa30f7d000 	C:\Windows\System32\msvcp_win.dll
0x00007ffa33120000 - 0x00007ffa33152000 	C:\Windows\System32\IMM32.DLL
0x00007ffa2a820000 - 0x00007ffa2a82c000 	c:\Users\ed069\.vscode\extensions\redhat.java-1.31.0-win32-x64\jre\17.0.11-win32-x86_64\bin\vcruntime140_1.dll
0x00007ffa13dc0000 - 0x00007ffa13e4d000 	c:\Users\ed069\.vscode\extensions\redhat.java-1.31.0-win32-x64\jre\17.0.11-win32-x86_64\bin\msvcp140.dll
0x00007ff97c370000 - 0x00007ff97cfd2000 	c:\Users\ed069\.vscode\extensions\redhat.java-1.31.0-win32-x64\jre\17.0.11-win32-x86_64\bin\server\jvm.dll
0x00007ffa317f0000 - 0x00007ffa318a0000 	C:\Windows\System32\ADVAPI32.dll
0x00007ffa32660000 - 0x00007ffa32700000 	C:\Windows\System32\sechost.dll
0x00007ffa32700000 - 0x00007ffa32823000 	C:\Windows\System32\RPCRT4.dll
0x00007ffa315a0000 - 0x00007ffa315c7000 	C:\Windows\System32\bcrypt.dll
0x00007ffa309b0000 - 0x00007ffa309fb000 	C:\Windows\SYSTEM32\POWRPROF.dll
0x00007ff9cd7f0000 - 0x00007ff9cd7f9000 	C:\Windows\SYSTEM32\WSOCK32.dll
0x00007ffa26700000 - 0x00007ffa26727000 	C:\Windows\SYSTEM32\WINMM.dll
0x00007ffa33190000 - 0x00007ffa331fb000 	C:\Windows\System32\WS2_32.dll
0x00007ffa2cd80000 - 0x00007ffa2cd8a000 	C:\Windows\SYSTEM32\VERSION.dll
0x00007ffa30530000 - 0x00007ffa30542000 	C:\Windows\SYSTEM32\UMPDC.dll
0x00007ffa2ef30000 - 0x00007ffa2ef42000 	C:\Windows\SYSTEM32\kernel.appcore.dll
0x00007ffa1b220000 - 0x00007ffa1b22a000 	c:\Users\ed069\.vscode\extensions\redhat.java-1.31.0-win32-x64\jre\17.0.11-win32-x86_64\bin\jimage.dll
0x00007ffa307c0000 - 0x00007ffa309a4000 	C:\Windows\SYSTEM32\DBGHELP.DLL
0x00007ffa30700000 - 0x00007ffa30734000 	C:\Windows\SYSTEM32\dbgcore.DLL
0x00007ffa315d0000 - 0x00007ffa31652000 	C:\Windows\System32\bcryptPrimitives.dll
0x00007ffa1b210000 - 0x00007ffa1b21e000 	c:\Users\ed069\.vscode\extensions\redhat.java-1.31.0-win32-x64\jre\17.0.11-win32-x86_64\bin\instrument.dll
0x00007ffa1a250000 - 0x00007ffa1a275000 	c:\Users\ed069\.vscode\extensions\redhat.java-1.31.0-win32-x64\jre\17.0.11-win32-x86_64\bin\java.dll
0x00007ffa1ad50000 - 0x00007ffa1ad68000 	c:\Users\ed069\.vscode\extensions\redhat.java-1.31.0-win32-x64\jre\17.0.11-win32-x86_64\bin\zip.dll
0x00007ffa31d50000 - 0x00007ffa324bd000 	C:\Windows\System32\SHELL32.dll
0x00007ffa2e790000 - 0x00007ffa2ef2d000 	C:\Windows\SYSTEM32\windows.storage.dll
0x00007ffa32b80000 - 0x00007ffa32ed3000 	C:\Windows\System32\combase.dll
0x00007ffa2fff0000 - 0x00007ffa3001e000 	C:\Windows\SYSTEM32\Wldp.dll
0x00007ffa31c70000 - 0x00007ffa31d3d000 	C:\Windows\System32\OLEAUT32.dll
0x00007ffa31740000 - 0x00007ffa317ed000 	C:\Windows\System32\SHCORE.dll
0x00007ffa31930000 - 0x00007ffa31985000 	C:\Windows\System32\shlwapi.dll
0x00007ffa30cf0000 - 0x00007ffa30d14000 	C:\Windows\SYSTEM32\profapi.dll
0x00007ffa1a180000 - 0x00007ffa1a199000 	C:\Users\ed069\.vscode\extensions\redhat.java-1.31.0-win32-x64\jre\17.0.11-win32-x86_64\bin\net.dll
0x00007ffa2a2e0000 - 0x00007ffa2a3ea000 	C:\Windows\SYSTEM32\WINHTTP.dll
0x00007ffa2fd20000 - 0x00007ffa2fd8a000 	C:\Windows\system32\mswsock.dll
0x00007ffa1a070000 - 0x00007ffa1a086000 	C:\Users\ed069\.vscode\extensions\redhat.java-1.31.0-win32-x64\jre\17.0.11-win32-x86_64\bin\nio.dll
0x00007ffa1a060000 - 0x00007ffa1a070000 	c:\Users\ed069\.vscode\extensions\redhat.java-1.31.0-win32-x64\jre\17.0.11-win32-x86_64\bin\verify.dll
0x00007ffa11060000 - 0x00007ffa110a4000 	C:\Users\ed069\AppData\Roaming\Code\User\globalStorage\redhat.java\1.31.0\config_win\org.eclipse.equinox.launcher\org.eclipse.equinox.launcher.win32.win32.x86_64_1.2.1000.v20240507-1834\eclipse_11902.dll
0x00007ffa32530000 - 0x00007ffa3265b000 	C:\Windows\System32\ole32.dll
0x00007ffa30b20000 - 0x00007ffa30b38000 	C:\Windows\SYSTEM32\CRYPTSP.dll
0x00007ffa2f720000 - 0x00007ffa2f754000 	C:\Windows\system32\rsaenh.dll
0x00007ffa30c60000 - 0x00007ffa30c8e000 	C:\Windows\SYSTEM32\USERENV.dll
0x00007ffa2ff70000 - 0x00007ffa2ff7c000 	C:\Windows\SYSTEM32\CRYPTBASE.dll
0x00007ffa2fa80000 - 0x00007ffa2fabb000 	C:\Windows\SYSTEM32\IPHLPAPI.DLL
0x00007ffa31d40000 - 0x00007ffa31d48000 	C:\Windows\System32\NSI.dll
0x00007ffa29940000 - 0x00007ffa29957000 	C:\Windows\SYSTEM32\dhcpcsvc6.DLL
0x00007ffa297f0000 - 0x00007ffa2980d000 	C:\Windows\SYSTEM32\dhcpcsvc.DLL
0x00007ffa2fac0000 - 0x00007ffa2fb8b000 	C:\Windows\SYSTEM32\DNSAPI.dll
0x00007ff9fd470000 - 0x00007ff9fd4b5000 	C:\Users\ed069\AppData\Local\Temp\jna-96302580\jna11820265836901831809.dll
0x00007ffa32520000 - 0x00007ffa32528000 	C:\Windows\System32\PSAPI.DLL
0x00007ffa2cb90000 - 0x00007ffa2cb99000 	C:\Users\ed069\.vscode\extensions\redhat.java-1.31.0-win32-x64\jre\17.0.11-win32-x86_64\bin\extnet.dll

dbghelp: loaded successfully - version: 4.0.5 - missing functions: none
symbol engine: initialized successfully - sym options: 0x614 - pdb path: .;c:\Users\ed069\.vscode\extensions\redhat.java-1.31.0-win32-x64\jre\17.0.11-win32-x86_64\bin;C:\Windows\SYSTEM32;C:\Windows\WinSxS\amd64_microsoft.windows.common-controls_6595b64144ccf1df_6.0.19041.4355_none_60b8b9eb71f62e16;c:\Users\ed069\.vscode\extensions\redhat.java-1.31.0-win32-x64\jre\17.0.11-win32-x86_64\bin\server;C:\Users\ed069\AppData\Roaming\Code\User\globalStorage\redhat.java\1.31.0\config_win\org.eclipse.equinox.launcher\org.eclipse.equinox.launcher.win32.win32.x86_64_1.2.1000.v20240507-1834;C:\Users\ed069\AppData\Local\Temp\jna-96302580

VM Arguments:
jvm_args: --add-modules=ALL-SYSTEM --add-opens=java.base/java.util=ALL-UNNAMED --add-opens=java.base/java.lang=ALL-UNNAMED --add-opens=java.base/sun.nio.fs=ALL-UNNAMED -Declipse.application=org.eclipse.jdt.ls.core.id1 -Dosgi.bundles.defaultStartLevel=4 -Declipse.product=org.eclipse.jdt.ls.core.product -Djava.import.generatesMetadataFilesAtProjectRoot=false -DDetectVMInstallationsJob.disabled=true -Dfile.encoding=utf8 -XX:+UseParallelGC -XX:GCTimeRatio=4 -XX:AdaptiveSizePolicyWeight=90 -Dsun.zip.disableMemoryMapping=true -Xmx1G -Xms100m -Xlog:disable -javaagent:c:\Users\ed069\.vscode\extensions\redhat.java-1.31.0-win32-x64\lombok\lombok-1.18.32.jar -XX:+HeapDumpOnOutOfMemoryError -XX:HeapDumpPath=c:\Users\ed069\AppData\Roaming\Code\User\workspaceStorage\cc109544215c20f1a0cbb40f80ccc9ed\redhat.java -Daether.dependencyCollector.impl=bf 
java_command: c:\Users\ed069\.vscode\extensions\redhat.java-1.31.0-win32-x64\server\plugins\org.eclipse.equinox.launcher_1.6.800.v20240513-1750.jar -configuration c:\Users\ed069\AppData\Roaming\Code\User\globalStorage\redhat.java\1.31.0\config_win -data c:\Users\ed069\AppData\Roaming\Code\User\workspaceStorage\cc109544215c20f1a0cbb40f80ccc9ed\redhat.java\jdt_ws --pipe=\\.\pipe\lsp-005f79027f7faed7dd3a3a83324c60af-sock
java_class_path (initial): c:\Users\ed069\.vscode\extensions\redhat.java-1.31.0-win32-x64\server\plugins\org.eclipse.equinox.launcher_1.6.800.v20240513-1750.jar
Launcher Type: SUN_STANDARD

[Global flags]
    uintx AdaptiveSizePolicyWeight                 = 90                                        {product} {command line}
     intx CICompilerCount                          = 12                                        {product} {ergonomic}
    uintx GCTimeRatio                              = 4                                         {product} {command line}
     bool HeapDumpOnOutOfMemoryError               = true                                   {manageable} {command line}
    ccstr HeapDumpPath                             = c:\Users\ed069\AppData\Roaming\Code\User\workspaceStorage\cc109544215c20f1a0cbb40f80ccc9ed\redhat.java         {manageable} {command line}
   size_t InitialHeapSize                          = 104857600                                 {product} {command line}
   size_t MaxHeapSize                              = 1073741824                                {product} {command line}
   size_t MaxNewSize                               = 357564416                                 {product} {ergonomic}
   size_t MinHeapDeltaBytes                        = 524288                                    {product} {ergonomic}
   size_t MinHeapSize                              = 104857600                                 {product} {command line}
   size_t NewSize                                  = 34603008                                  {product} {ergonomic}
    uintx NonNMethodCodeHeapSize                   = 7602480                                {pd product} {ergonomic}
    uintx NonProfiledCodeHeapSize                  = 122027880                              {pd product} {ergonomic}
   size_t OldSize                                  = 70254592                                  {product} {ergonomic}
    uintx ProfiledCodeHeapSize                     = 122027880                              {pd product} {ergonomic}
    uintx ReservedCodeCacheSize                    = 251658240                              {pd product} {ergonomic}
     bool SegmentedCodeCache                       = true                                      {product} {ergonomic}
   size_t SoftMaxHeapSize                          = 1073741824                             {manageable} {ergonomic}
     bool UseCompressedClassPointers               = true                           {product lp64_product} {ergonomic}
     bool UseCompressedOops                        = true                           {product lp64_product} {ergonomic}
     bool UseLargePagesIndividualAllocation        = false                                  {pd product} {ergonomic}
     bool UseParallelGC                            = true                                      {product} {command line}

Logging:
Log output configuration:
 #0: stdout all=off uptime,level,tags
 #1: stderr all=off uptime,level,tags

Environment Variables:
PATH=C:\Program Files\ImageMagick-7.1.1-Q16-HDRI;C:\Program Files (x86)\Razer Chroma SDK\bin;C:\Program Files\Razer Chroma SDK\bin;C:\Program Files (x86)\Razer\ChromaBroadcast\bin;C:\Program Files\Razer\ChromaBroadcast\bin;C:\Program Files\Common Files\Oracle\Java\javapath;C:\Program Files\NVIDIA GPU Computing Toolkit\CUDA\v11.8\bin;C:\Program Files\NVIDIA GPU Computing Toolkit\CUDA\v11.8\libnvvp;C:\Program Files\NVIDIA GPU Computing Toolkit\CUDA\v11.2\bin;C:\Program Files\NVIDIA GPU Computing Toolkit\CUDA\v11.2\libnvvp;C:\Program Files (x86)\Common Files\Oracle\Java\javapath;C:\Windows\system32;C:\Windows;C:\Windows\System32\Wbem;C:\Windows\System32\WindowsPowerShell\v1.0\;C:\Windows\System32\OpenSSH\;C:\Program Files\NVIDIA Corporation\NVIDIA NvDLISR;C:\Program Files (x86)\NVIDIA Corporation\PhysX\Common;C:\Program Files\Git\cmd;C:\Program Files\exiftool;C:\Program Files\NVIDIA GPU Computing Toolkit\CUDA\v11.2\extras\CUPTI\lib64;C:\Program Files\ffmpeg-6.0-full_build\bin;C:\Program Files\NVIDIA Corporation\Nsight Compute 2022.3.0\;C:\Windows\system32\config\systemprofile\AppData\Local\Microsoft\WindowsApps;C:\Program Files (x86)\Microsoft Visual Studio\2022\BuildTools\VC\Tools\MSVC\14.35.32215\bin\Hostx86\x86\cl.exe;D:\llvm-mingw-20230905-msvcrt-x86_64\bin;D:\llvm-mingw-20230905-msvcrt-x86_64\lib;C:\Program Files (x86)\Pulse Secure\VC142.CRT\X64\;C:\Program Files (x86)\Pulse Secure\VC142.CRT\X86\;C:\Program Files (x86)\Common Files\Pulse Secure\TNC Client Plugin\;C:\Program Files\MATLAB\R2024a\bin;C:\Users\ed069\AppData\Local\Programs\Python\Python310\Scripts\;C:\Users\ed069\AppData\Local\Programs\Python\Python310\;C:\Users\ed069\AppData\Local\Microsoft\WindowsApps;C:\Users\ed069\AppData\Local\Programs\Microsoft VS Code\bin;C:\Program Files\NVIDIA GPU Computing Toolkit\CUDA\v11.2\bin;C:\Program Files\NVIDIA GPU Computing Toolkit\CUDA\v11.2\libnvvp;C:\Program Files\heroku\bin;C:\Program Files\NVIDIA GPU Computing Toolkit\CUDA\v11.8\bin;C:\Program Files\NVIDIA GPU Comp
USERNAME=ed069
OS=Windows_NT
PROCESSOR_IDENTIFIER=Intel64 Family 6 Model 183 Stepping 1, GenuineIntel
TMP=C:\Users\ed069\AppData\Local\Temp
TEMP=C:\Users\ed069\AppData\Local\Temp



Periodic native trim disabled


---------------  S Y S T E M  ---------------

OS:
 Windows 10 , 64 bit Build 19041 (10.0.19041.3636)
OS uptime: 0 days 9:49 hours
Hyper-V role detected

CPU: total 24 (initial active 24) (12 cores per cpu, 2 threads per core) family 6 model 183 stepping 1 microcode 0x10e, cx8, cmov, fxsr, ht, mmx, 3dnowpref, sse, sse2, sse3, ssse3, sse4.1, sse4.2, popcnt, lzcnt, tsc, tscinvbit, avx, avx2, aes, erms, clmul, bmi1, bmi2, adx, sha, fma, vzeroupper, clflush, clflushopt, clwb, hv
Processor Information for all 24 processors :
  Max Mhz: 3400, Current Mhz: 3400, Mhz Limit: 3400

Memory: 4k page, system-wide physical 65360M (42944M free)
TotalPageFile size 75088M (AvailPageFile size 45686M)
current process WorkingSet (physical memory assigned to process): 701M, peak: 858M
current process commit charge ("private bytes"): 634M, peak: 829M

vm_info: OpenJDK 64-Bit Server VM (17.0.11+9) for windows-amd64 JRE (17.0.11+9), built on Apr 17 2024 06:07:48 by "admin" with MS VC++ 16.10 / 16.11 (VS2019)

END.
